2024-07-08 11:40:04,115 [INFO] Activator:176 - 


2024-07-08 11:40:04,117 [INFO] Activator:177 - !SESSION log4j initialized
2024-07-08 11:40:07,607 [INFO] LogOutputStream:77 - [STDOUT_REDIRECT] 
2024-07-08 11:40:14,390 [INFO] ApplicationProperties:184 - Using Application install path: C:\ST\STM32CubeIDE_1.13.0\STM32CubeIDE\plugins\com.st.stm32cube.common.mx_6.9.0.202307051724
2024-07-08 11:40:14,412 [INFO] DbMcusXml:78 - Set database path to: C:\ST\STM32CubeIDE_1.13.0\STM32CubeIDE\plugins\com.st.stm32cube.common.mx_6.9.0.202307051724\\db\/mcu/
2024-07-08 11:40:14,412 [INFO] ApiDb:274 - Set plugin database path to: C:\ST\STM32CubeIDE_1.13.0\STM32CubeIDE\plugins\com.st.stm32cube.common.mx_6.9.0.202307051724\\db\/plugins/boardmanager/
2024-07-08 11:40:14,413 [WARN] ApiDb:259 - Overriding images path with different value:  => C:\ST\STM32CubeIDE_1.13.0\STM32CubeIDE\plugins\com.st.stm32cube.common.mx_6.9.0.202307051724\\db\/plugins/mcufinder/images/
2024-07-08 11:40:14,427 [INFO] ApiDb:250 - Set database path to: C:\Users\e0162112\.stmcufinder\plugins\mcufinder//mcu/
2024-07-08 11:40:14,428 [INFO] DbMcusAds:125 - Set database path to: C:\Users\e0162112\.stmcufinder\plugins\mcufinder//mcu/
2024-07-08 11:40:14,430 [INFO] CrossReferenceDbSqlite:203 - Set database path to: C:\Users\e0162112\.stmcufinder\plugins\mcufinder//mcu/cs/
2024-07-08 11:40:14,530 [INFO] RulesReader:64 - Compatibility file has been processed (293 Rules)
2024-07-08 11:40:16,989 [INFO] DbMcusXml:78 - Set database path to: C:\ST\STM32CubeIDE_1.13.0\STM32CubeIDE\plugins\com.st.stm32cube.common.mx_6.9.0.202307051724\\db\/mcu/
2024-07-08 11:40:16,989 [INFO] ApiDb:274 - Set plugin database path to: C:\ST\STM32CubeIDE_1.13.0\STM32CubeIDE\plugins\com.st.stm32cube.common.mx_6.9.0.202307051724\\db\/plugins/boardmanager/
2024-07-08 11:40:16,989 [INFO] ApiDb:261 - Set plugin images path to: C:\ST\STM32CubeIDE_1.13.0\STM32CubeIDE\plugins\com.st.stm32cube.common.mx_6.9.0.202307051724\\db\/plugins/mcufinder/images/
2024-07-08 11:40:16,990 [WARN] DbFile:41 - Overriding database path with different value: C:\Users\e0162112\.stmcufinder\plugins\mcufinder/ => C:\Users\e0162112\.stmcufinder\plugins\mcufinder
2024-07-08 11:40:16,990 [INFO] ApiDb:250 - Set database path to: C:\Users\e0162112\.stmcufinder\plugins\mcufinder//mcu/
2024-07-08 11:40:16,990 [WARN] DbFile:41 - Overriding database path with different value: C:\Users\e0162112\.stmcufinder\plugins\mcufinder/ => C:\Users\e0162112\.stmcufinder\plugins\mcufinder
2024-07-08 11:40:16,990 [INFO] DbMcusAds:125 - Set database path to: C:\Users\e0162112\.stmcufinder\plugins\mcufinder//mcu/
2024-07-08 11:40:16,990 [WARN] DbFile:41 - Overriding database path with different value: C:\Users\e0162112\.stmcufinder\plugins\mcufinder/ => C:\Users\e0162112\.stmcufinder\plugins\mcufinder
2024-07-08 11:40:16,990 [WARN] DbFile:41 - Overriding database path with different value: C:\Users\e0162112\.stmcufinder\plugins\mcufinder/ => C:\Users\e0162112\.stmcufinder\plugins\mcufinder
2024-07-08 11:40:16,990 [INFO] CrossReferenceDbSqlite:203 - Set database path to: C:\Users\e0162112\.stmcufinder\plugins\mcufinder//mcu/cs/
2024-07-08 11:40:17,127 [INFO] MainPanel:262 - HeapMemory: 268435456
2024-07-08 11:40:17,253 [INFO] DbMcusXml:78 - Set database path to: C:\ST\STM32CubeIDE_1.13.0\STM32CubeIDE\plugins\com.st.stm32cube.common.mx_6.9.0.202307051724\\db\/mcu/
2024-07-08 11:40:17,253 [INFO] ApiDb:274 - Set plugin database path to: C:\ST\STM32CubeIDE_1.13.0\STM32CubeIDE\plugins\com.st.stm32cube.common.mx_6.9.0.202307051724\\db\/plugins/boardmanager/
2024-07-08 11:40:17,253 [INFO] ApiDb:261 - Set plugin images path to: C:\ST\STM32CubeIDE_1.13.0\STM32CubeIDE\plugins\com.st.stm32cube.common.mx_6.9.0.202307051724\\db\/plugins/mcufinder/images/
2024-07-08 11:40:17,254 [WARN] DbFile:41 - Overriding database path with different value: C:\Users\e0162112\.stmcufinder\plugins\mcufinder/ => C:\Users\e0162112\.stmcufinder\plugins\mcufinder
2024-07-08 11:40:17,254 [INFO] ApiDb:250 - Set database path to: C:\Users\e0162112\.stmcufinder\plugins\mcufinder//mcu/
2024-07-08 11:40:17,255 [WARN] DbFile:41 - Overriding database path with different value: C:\Users\e0162112\.stmcufinder\plugins\mcufinder/ => C:\Users\e0162112\.stmcufinder\plugins\mcufinder
2024-07-08 11:40:17,255 [INFO] DbMcusAds:125 - Set database path to: C:\Users\e0162112\.stmcufinder\plugins\mcufinder//mcu/
2024-07-08 11:40:17,255 [WARN] DbFile:41 - Overriding database path with different value: C:\Users\e0162112\.stmcufinder\plugins\mcufinder/ => C:\Users\e0162112\.stmcufinder\plugins\mcufinder
2024-07-08 11:40:17,255 [WARN] DbFile:41 - Overriding database path with different value: C:\Users\e0162112\.stmcufinder\plugins\mcufinder/ => C:\Users\e0162112\.stmcufinder\plugins\mcufinder
2024-07-08 11:40:17,255 [INFO] CrossReferenceDbSqlite:203 - Set database path to: C:\Users\e0162112\.stmcufinder\plugins\mcufinder//mcu/cs/
2024-07-08 11:40:17,290 [INFO] ApplicationProperties:184 - Using Application install path: C:\ST\STM32CubeIDE_1.13.0\STM32CubeIDE\plugins\com.st.stm32cube.common.mx_6.9.0.202307051724
2024-07-08 11:40:17,292 [INFO] PluginManage:196 - Search for loadable plugins [exclusion list=, ]
2024-07-08 11:40:17,294 [INFO] PluginManage:310 - Check plugin analytics
2024-07-08 11:40:22,131 [INFO] AnalyticsPlugin:253 - Accepted Software Licenses: 
2024-07-08 11:40:22,132 [INFO] AnalyticsPlugin:255 - Accepted CMSIS Pack Licenses: STMicroelectronics.X-CUBE-AI.9.0.0
2024-07-08 11:40:22,133 [INFO] AnalyticsPlugin:257 - Accepted Firmware Licenses: 
2024-07-08 11:40:22,138 [INFO] PluginManage:359 - Loaded plugin analytics (category:tool,tabindex:-1)
2024-07-08 11:40:22,139 [INFO] PluginManage:310 - Check plugin cadmodel
2024-07-08 11:40:22,152 [INFO] CADModel:105 - Init CAD model plugin
2024-07-08 11:40:22,152 [INFO] PluginManage:359 - Loaded plugin cadmodel (category:power,tabindex:5)
2024-07-08 11:40:22,153 [INFO] PluginManage:310 - Check plugin clock
2024-07-08 11:40:22,168 [INFO] PluginManage:359 - Loaded plugin clock (category:base,tabindex:2)
2024-07-08 11:40:22,168 [INFO] PluginManage:310 - Check plugin ddr
2024-07-08 11:40:22,172 [INFO] PluginManage:359 - Loaded plugin ddr (category:tool,tabindex:6)
2024-07-08 11:40:22,172 [INFO] PluginManage:310 - Check plugin filemanager
2024-07-08 11:40:22,408 [INFO] PluginManage:359 - Loaded plugin filemanager (category:base,tabindex:10)
2024-07-08 11:40:22,408 [INFO] PluginManage:310 - Check plugin ipmanager
2024-07-08 11:40:22,434 [INFO] PluginManage:359 - Loaded plugin ipmanager (category:base,tabindex:5)
2024-07-08 11:40:22,435 [INFO] PluginManage:310 - Check plugin lpbam
2024-07-08 11:40:22,452 [INFO] PluginManage:359 - Loaded plugin lpbam (category:base,tabindex:0)
2024-07-08 11:40:22,452 [INFO] PluginManage:310 - Check plugin memorymap
2024-07-08 11:40:22,478 [INFO] PluginManage:359 - Loaded plugin memorymap (category:base,tabindex:4)
2024-07-08 11:40:22,478 [INFO] PluginManage:310 - Check plugin pinoutandconfiguration
2024-07-08 11:40:22,494 [INFO] PluginManage:359 - Loaded plugin pinoutandconfiguration (category:base,tabindex:1)
2024-07-08 11:40:22,494 [INFO] PluginManage:310 - Check plugin pinoutconfig
2024-07-08 11:40:22,720 [WARN] SupportedApi:132 - Cannot load RTOS API schema: s4s-elt-must-match.1: The content of 'definitions' must match (annotation?, (simpleType | complexType)?, (unique | key | keyref)*)). A problem was found starting at: attribute.
2024-07-08 11:40:23,058 [INFO] PluginManage:359 - Loaded plugin pinoutconfig (category:base,tabindex:0)
2024-07-08 11:40:23,059 [INFO] PluginManage:310 - Check plugin power
2024-07-08 11:40:23,084 [INFO] PluginManage:359 - Loaded plugin power (category:power,tabindex:4)
2024-07-08 11:40:23,084 [INFO] PluginManage:310 - Check plugin projectmanager
2024-07-08 11:40:23,122 [INFO] PluginManage:359 - Loaded plugin projectmanager (category:projectmanager,tabindex:3)
2024-07-08 11:40:23,122 [INFO] PluginManage:310 - Check plugin thirdparty
2024-07-08 11:40:23,465 [INFO] PluginManage:359 - Loaded plugin thirdparty (category:base,tabindex:-1)
2024-07-08 11:40:23,465 [INFO] PluginManage:310 - Check plugin tools
2024-07-08 11:40:23,465 [WARN] IntegrityCheckThread:84 - waiting for thirdparty lock release [integrity check]
2024-07-08 11:40:23,466 [INFO] IntegrityCheckThread:86 - entering critical section [integrity check]
2024-07-08 11:40:23,467 [INFO] ThirdPartyUpdaterWithRetryManager:70 - Updater plugin not ready yet. [1/15]
2024-07-08 11:40:23,475 [INFO] PluginManage:359 - Loaded plugin tools (category:base,tabindex:7)
2024-07-08 11:40:23,475 [INFO] PluginManage:310 - Check plugin tutovideos
2024-07-08 11:40:23,858 [INFO] PluginManage:359 - Loaded plugin tutovideos (category:base,tabindex:-1)
2024-07-08 11:40:23,859 [INFO] PluginManage:310 - Check plugin updater
2024-07-08 11:40:23,881 [INFO] PluginManage:359 - Loaded plugin updater (category:base,tabindex:12)
2024-07-08 11:40:23,882 [INFO] PluginManage:310 - Check plugin userauth
2024-07-08 11:40:23,900 [INFO] UserAuth:113 - Init User Auth plugin
2024-07-08 11:40:23,900 [INFO] PluginManage:359 - Loaded plugin userauth (category:base,tabindex:14)
2024-07-08 11:40:23,902 [INFO] PluginManage:283 - PluginManage : Loaded plugins [17]
2024-07-08 11:40:24,506 [INFO] PinOutPanel:1499 - setPackage(No Configuration,No Configuration)
2024-07-08 11:40:24,899 [INFO] CADModel:165 - CPN selected for project level
2024-07-08 11:40:24,900 [INFO] CADModel:114 - Register for checkConnection events
2024-07-08 11:40:24,947 [INFO] IPUIPlugin:80 - create IPUIPlugin
2024-07-08 11:40:24,948 [INFO] PluginManager:220 - loadIPPluginJar : add adc
2024-07-08 11:40:24,958 [INFO] IPUIPlugin:80 - create IPUIPlugin
2024-07-08 11:40:24,958 [INFO] PluginManager:220 - loadIPPluginJar : add aes
2024-07-08 11:40:24,967 [INFO] IPUIPlugin:80 - create IPUIPlugin
2024-07-08 11:40:24,967 [INFO] PluginManager:220 - loadIPPluginJar : add can
2024-07-08 11:40:24,974 [INFO] IPUIPlugin:80 - create IPUIPlugin
2024-07-08 11:40:24,974 [INFO] PluginManager:220 - loadIPPluginJar : add comp
2024-07-08 11:40:24,995 [INFO] IPUIPlugin:80 - create IPUIPlugin
2024-07-08 11:40:24,995 [INFO] PluginManager:220 - loadIPPluginJar : add cryp
2024-07-08 11:40:25,007 [INFO] IPUIPlugin:80 - create IPUIPlugin
2024-07-08 11:40:25,008 [INFO] PluginManager:220 - loadIPPluginJar : add dfsdm
2024-07-08 11:40:25,024 [INFO] IPUIPlugin:80 - create IPUIPlugin
2024-07-08 11:40:25,025 [INFO] PluginManager:220 - loadIPPluginJar : add dma
2024-07-08 11:40:25,035 [INFO] IPUIPlugin:80 - create IPUIPlugin
2024-07-08 11:40:25,035 [INFO] PluginManager:220 - loadIPPluginJar : add dma3
2024-07-08 11:40:25,041 [INFO] IPUIPlugin:80 - create IPUIPlugin
2024-07-08 11:40:25,042 [INFO] PluginManager:220 - loadIPPluginJar : add fatfs
2024-07-08 11:40:25,053 [INFO] IPUIPlugin:80 - create IPUIPlugin
2024-07-08 11:40:25,053 [INFO] PluginManager:220 - loadIPPluginJar : add fmc
2024-07-08 11:40:25,063 [INFO] IPUIPlugin:80 - create IPUIPlugin
2024-07-08 11:40:25,063 [INFO] PluginManager:220 - loadIPPluginJar : add freertos
2024-07-08 11:40:25,069 [INFO] IPUIPlugin:80 - create IPUIPlugin
2024-07-08 11:40:25,069 [INFO] PluginManager:220 - loadIPPluginJar : add genericplugin
2024-07-08 11:40:25,075 [INFO] IPUIPlugin:80 - create IPUIPlugin
2024-07-08 11:40:25,075 [INFO] PluginManager:220 - loadIPPluginJar : add gfxmmu
2024-07-08 11:40:25,085 [INFO] IPUIPlugin:80 - create IPUIPlugin
2024-07-08 11:40:25,085 [INFO] PluginManager:220 - loadIPPluginJar : add gic
2024-07-08 11:40:25,093 [INFO] IPUIPlugin:80 - create IPUIPlugin
2024-07-08 11:40:25,093 [INFO] PluginManager:220 - loadIPPluginJar : add gpio
2024-07-08 11:40:25,099 [INFO] IPUIPlugin:80 - create IPUIPlugin
2024-07-08 11:40:25,100 [INFO] PluginManager:220 - loadIPPluginJar : add gtzc
2024-07-08 11:40:25,105 [INFO] IPUIPlugin:80 - create IPUIPlugin
2024-07-08 11:40:25,105 [INFO] PluginManager:220 - loadIPPluginJar : add hash
2024-07-08 11:40:25,110 [INFO] IPUIPlugin:80 - create IPUIPlugin
2024-07-08 11:40:25,110 [INFO] PluginManager:220 - loadIPPluginJar : add i2c
2024-07-08 11:40:25,115 [INFO] IPUIPlugin:80 - create IPUIPlugin
2024-07-08 11:40:25,115 [INFO] PluginManager:220 - loadIPPluginJar : add i2s
2024-07-08 11:40:25,121 [INFO] IPUIPlugin:80 - create IPUIPlugin
2024-07-08 11:40:25,122 [INFO] PluginManager:220 - loadIPPluginJar : add i3c
2024-07-08 11:40:25,127 [INFO] IPUIPlugin:80 - create IPUIPlugin
2024-07-08 11:40:25,127 [INFO] PluginManager:220 - loadIPPluginJar : add ipddr
2024-07-08 11:40:25,141 [INFO] IPUIPlugin:80 - create IPUIPlugin
2024-07-08 11:40:25,142 [INFO] PluginManager:220 - loadIPPluginJar : add linkedlist
2024-07-08 11:40:25,147 [INFO] IPUIPlugin:80 - create IPUIPlugin
2024-07-08 11:40:25,147 [INFO] PluginManager:220 - loadIPPluginJar : add lorawan
2024-07-08 11:40:25,152 [INFO] IPUIPlugin:80 - create IPUIPlugin
2024-07-08 11:40:25,152 [INFO] PluginManager:220 - loadIPPluginJar : add ltdc
2024-07-08 11:40:25,162 [INFO] IPUIPlugin:80 - create IPUIPlugin
2024-07-08 11:40:25,162 [INFO] PluginManager:220 - loadIPPluginJar : add mdma
2024-07-08 11:40:25,169 [INFO] IPUIPlugin:80 - create IPUIPlugin
2024-07-08 11:40:25,170 [INFO] PluginManager:220 - loadIPPluginJar : add nvic
2024-07-08 11:40:25,176 [INFO] IPUIPlugin:80 - create IPUIPlugin
2024-07-08 11:40:25,176 [INFO] PluginManager:220 - loadIPPluginJar : add opamp
2024-07-08 11:40:25,182 [INFO] IPUIPlugin:80 - create IPUIPlugin
2024-07-08 11:40:25,183 [INFO] PluginManager:220 - loadIPPluginJar : add openamp
2024-07-08 11:40:25,189 [INFO] IPUIPlugin:80 - create IPUIPlugin
2024-07-08 11:40:25,190 [INFO] PluginManager:220 - loadIPPluginJar : add pdm2pcm
2024-07-08 11:40:25,202 [INFO] IPUIPlugin:80 - create IPUIPlugin
2024-07-08 11:40:25,207 [INFO] PluginManager:220 - loadIPPluginJar : add plateformsettings
2024-07-08 11:40:25,213 [INFO] IPUIPlugin:80 - create IPUIPlugin
2024-07-08 11:40:25,213 [INFO] PluginManager:220 - loadIPPluginJar : add quadspi
2024-07-08 11:40:25,222 [INFO] IPUIPlugin:80 - create IPUIPlugin
2024-07-08 11:40:25,223 [INFO] PluginManager:220 - loadIPPluginJar : add resmgrutility
2024-07-08 11:40:25,230 [INFO] IPUIPlugin:80 - create IPUIPlugin
2024-07-08 11:40:25,230 [INFO] PluginManager:220 - loadIPPluginJar : add sai
2024-07-08 11:40:25,237 [INFO] IPUIPlugin:80 - create IPUIPlugin
2024-07-08 11:40:25,238 [INFO] PluginManager:220 - loadIPPluginJar : add spi
2024-07-08 11:40:25,248 [INFO] IPUIPlugin:80 - create IPUIPlugin
2024-07-08 11:40:25,249 [INFO] PluginManager:220 - loadIPPluginJar : add stm32_wpan
2024-07-08 11:40:25,255 [INFO] IPUIPlugin:80 - create IPUIPlugin
2024-07-08 11:40:25,255 [INFO] PluginManager:220 - loadIPPluginJar : add tim
2024-07-08 11:40:25,263 [INFO] IPUIPlugin:80 - create IPUIPlugin
2024-07-08 11:40:25,263 [INFO] PluginManager:220 - loadIPPluginJar : add touchsensing
2024-07-08 11:40:25,272 [INFO] IPUIPlugin:80 - create IPUIPlugin
2024-07-08 11:40:25,272 [INFO] PluginManager:220 - loadIPPluginJar : add tracer_emb
2024-07-08 11:40:25,277 [INFO] IPUIPlugin:80 - create IPUIPlugin
2024-07-08 11:40:25,278 [INFO] PluginManager:220 - loadIPPluginJar : add ts
2024-07-08 11:40:25,282 [INFO] IPUIPlugin:80 - create IPUIPlugin
2024-07-08 11:40:25,283 [INFO] PluginManager:220 - loadIPPluginJar : add tsc
2024-07-08 11:40:25,289 [INFO] IPUIPlugin:80 - create IPUIPlugin
2024-07-08 11:40:25,289 [INFO] PluginManager:220 - loadIPPluginJar : add ucpd
2024-07-08 11:40:25,295 [INFO] IPUIPlugin:80 - create IPUIPlugin
2024-07-08 11:40:25,295 [INFO] PluginManager:220 - loadIPPluginJar : add usart
2024-07-08 11:40:25,302 [INFO] IPUIPlugin:80 - create IPUIPlugin
2024-07-08 11:40:25,303 [INFO] PluginManager:220 - loadIPPluginJar : add usbx
2024-07-08 11:40:25,507 [INFO] CADModel:165 - CPN selected for project level
2024-07-08 11:40:25,507 [INFO] CADModel:114 - Register for checkConnection events
2024-07-08 11:40:25,507 [FATAL] Updater:308 - Updater called before beeing initialized
2024-07-08 11:40:25,507 [ERROR] CADModel:125 - Updater not yet initialized, retry later 
2024-07-08 11:40:25,750 [INFO] CADModel:165 - CPN selected for project level
2024-07-08 11:40:25,750 [INFO] CADModel:114 - Register for checkConnection events
2024-07-08 11:40:25,751 [FATAL] Updater:308 - Updater called before beeing initialized
2024-07-08 11:40:25,751 [ERROR] CADModel:125 - Updater not yet initialized, retry later 
2024-07-08 11:40:25,757 [FATAL] Updater:308 - Updater called before beeing initialized
2024-07-08 11:40:26,055 [FATAL] Updater:308 - Updater called before beeing initialized
2024-07-08 11:40:26,070 [INFO] DbMcusAds:53 - JSON generation date=Thu May 16 11:22:00 EET 2024 (1715851320852)
2024-07-08 11:40:26,071 [FATAL] Updater:308 - Updater called before beeing initialized
2024-07-08 11:40:26,198 [WARN] DetailPanel:346 - Failed to get advertising image, set to default
2024-07-08 11:40:26,410 [FATAL] Updater:308 - Updater called before beeing initialized
2024-07-08 11:40:26,412 [FATAL] Updater:308 - Updater called before beeing initialized
2024-07-08 11:40:26,413 [FATAL] Updater:308 - Updater called before beeing initialized
2024-07-08 11:40:26,413 [WARN] DetailPanel:346 - Failed to get advertising image, set to default
2024-07-08 11:40:26,415 [FATAL] Updater:308 - Updater called before beeing initialized
2024-07-08 11:40:26,468 [INFO] ThirdPartyUpdaterWithRetryManager:70 - Updater plugin not ready yet. [2/15]
2024-07-08 11:40:26,504 [ERROR] Updater:1120 - MainUpdater not yet initialized. External WinMGr cannot be set.
2024-07-08 11:40:26,508 [INFO] Updater:1056 - Updater Version found : 6.9.0
2024-07-08 11:40:26,546 [INFO] ApplicationProperties:184 - Using Application install path: C:\ST\STM32CubeIDE_1.13.0\STM32CubeIDE\plugins\com.st.stm32cube.common.mx_6.9.0.202307051724
2024-07-08 11:40:26,889 [INFO] MainUpdater:2868 - connection check result : 10
2024-07-08 11:40:26,890 [INFO] MainUpdater:3562 - Updater definition file requires update
2024-07-08 11:40:26,895 [INFO] MainUpdater:285 - Updater Check For Update Now.
2024-07-08 11:40:26,896 [INFO] MicroXplorer:498 - Change Database Version : DB.6.0.90
2024-07-08 11:40:26,911 [INFO] McuFinderGlobals:63 - Set McuFinder mode to 2 (CubeIDE integrated)
2024-07-08 11:40:26,911 [INFO] UserAuth:179 - activating auth plugin
2024-07-08 11:40:26,919 [INFO] UserAuth:393 - Internet connection configuration mode: 1
2024-07-08 11:40:26,956 [INFO] JxBrowserEngine:151 - Initiate JxBrowser Engine with user profile folder
2024-07-08 11:40:27,016 [INFO] ServerAccessManage:473 - Download File updaters.zip
2024-07-08 11:40:27,381 [INFO] FileExtend:240 - Unzip File : updaters.zip
2024-07-08 11:40:27,381 [INFO] FileExtend:255 - Standard Zip Deflate
2024-07-08 11:40:28,817 [INFO] McuFinderGlobals:63 - Set McuFinder mode to 2 (CubeIDE integrated)
2024-07-08 11:40:29,469 [WARN] MainUpdater:1189 - Updater busy. Cannot search thirdparties
2024-07-08 11:40:29,470 [INFO] ThirdPartyUpdaterWithRetryManager:96 - Updater plugin is busy. [1/15]
2024-07-08 11:40:29,778 [INFO] ServerAccessManage:473 - Download File PacksControlFlags.xml
2024-07-08 11:40:30,001 [INFO] ServerAccessManage:473 - Download File cubemx.pidx
2024-07-08 11:40:31,226 [INFO] ServerAccessManage:473 - Download File STMicroelectronics.X-CUBE-DPOWER.pdsc
2024-07-08 11:40:31,883 [ERROR] ServerAccessManage:1089 - Problem, file not found on Server
2024-07-08 11:40:32,230 [ERROR] ServerAccessManage:1089 - Problem, file not found on Server
2024-07-08 11:40:32,471 [WARN] MainUpdater:1189 - Updater busy. Cannot search thirdparties
2024-07-08 11:40:32,471 [INFO] ThirdPartyUpdaterWithRetryManager:96 - Updater plugin is busy. [2/15]
2024-07-08 11:40:32,589 [ERROR] ServerAccessManage:1089 - Problem, file not found on Server
2024-07-08 11:40:32,941 [ERROR] ServerAccessManage:1089 - Problem, file not found on Server
2024-07-08 11:40:33,303 [ERROR] ServerAccessManage:1089 - Problem, file not found on Server
2024-07-08 11:40:34,743 [INFO] WebApp:157 - Instantiating new browser for Auth
2024-07-08 11:40:35,472 [WARN] MainUpdater:1189 - Updater busy. Cannot search thirdparties
2024-07-08 11:40:35,472 [INFO] ThirdPartyUpdaterWithRetryManager:96 - Updater plugin is busy. [3/15]
2024-07-08 11:40:36,237 [INFO] WebApp:753 - Register for checkConnection events
2024-07-08 11:40:36,237 [INFO] WebApp:390 - Apply proxy settings
2024-07-08 11:40:36,237 [INFO] WebApp:475 - Chromium requires no authentication
2024-07-08 11:40:36,250 [INFO] WebApp:418 - Direct internet connection detected
2024-07-08 11:40:36,574 [INFO] WebApp:188 - Starting web application
2024-07-08 11:40:36,575 [INFO] WebApp:520 - Web application path used C:\ST\STM32CubeIDE_1.13.0\STM32CubeIDE\plugins\com.st.stm32cube.common.mx_6.9.0.202307051724\db\plugins\mcufinder\reactClient1\index.html
2024-07-08 11:40:38,475 [WARN] MainUpdater:1189 - Updater busy. Cannot search thirdparties
2024-07-08 11:40:38,475 [INFO] ThirdPartyUpdaterWithRetryManager:96 - Updater plugin is busy. [4/15]
2024-07-08 11:40:41,069 [ERROR] ServerAccessManage:1089 - Problem, file not found on Server
2024-07-08 11:40:41,329 [ERROR] ServerAccessManage:1089 - Problem, file not found on Server
2024-07-08 11:40:41,476 [WARN] MainUpdater:1189 - Updater busy. Cannot search thirdparties
2024-07-08 11:40:41,476 [INFO] ThirdPartyUpdaterWithRetryManager:96 - Updater plugin is busy. [5/15]
2024-07-08 11:40:41,591 [ERROR] ServerAccessManage:1089 - Problem, file not found on Server
2024-07-08 11:40:41,860 [ERROR] ServerAccessManage:1089 - Problem, file not found on Server
2024-07-08 11:40:42,213 [ERROR] ServerAccessManage:1089 - Problem, file not found on Server
2024-07-08 11:40:42,578 [ERROR] ServerAccessManage:1089 - Problem, file not found on Server
2024-07-08 11:40:44,461 [INFO] ServerAccessManage:473 - Download File wolfSSL.I-CUBE-wolfTPM.pdsc
2024-07-08 11:40:44,478 [WARN] MainUpdater:1189 - Updater busy. Cannot search thirdparties
2024-07-08 11:40:44,478 [INFO] ThirdPartyUpdaterWithRetryManager:96 - Updater plugin is busy. [6/15]
2024-07-08 11:40:46,380 [INFO] ServerAccessManage:473 - Download File RealThread.X-CUBE-RT-Thread_Nano.pdsc
2024-07-08 11:40:47,206 [INFO] ServerAccessManage:473 - Download File EmbeddedOffice.I-CUBE-FS-RTOS.pdsc
2024-07-08 11:40:47,480 [WARN] MainUpdater:1189 - Updater busy. Cannot search thirdparties
2024-07-08 11:40:47,480 [INFO] ThirdPartyUpdaterWithRetryManager:96 - Updater plugin is busy. [7/15]
2024-07-08 11:40:47,508 [WARN] PopulateThirdPartyThread:106 - Error when creating pack: C:/Users/e0162112/.stm32cubemx/thirdparties/pdsc/STMicroelectronics.X-CUBE-DPOWER.pdsc
2024-07-08 11:40:47,588 [WARN] PackLoader:240 - Cannot read IP mode file for wolfSSL.I-CUBE-wolfTPM.3.2.0
2024-07-08 11:40:47,595 [WARN] PopulateThirdPartyThread:106 - Error when creating pack: C:/Users/e0162112/.stm32cubemx/thirdparties/pdsc/RealThread.X-CUBE-RT-Thread_Nano.pdsc
2024-07-08 11:40:47,604 [WARN] PopulateThirdPartyThread:106 - Error when creating pack: C:/Users/e0162112/.stm32cubemx/thirdparties/pdsc/EmbeddedOffice.I-CUBE-FS-RTOS.pdsc
2024-07-08 11:40:47,605 [INFO] PopulateThirdPartyThread:66 - Ending populate Thread
2024-07-08 11:40:47,607 [INFO] ThirdParty:1030 - CMSIS Pack Vendor :wolfSSL I-CUBE-wolfTPM 3.2.0
2024-07-08 11:40:47,608 [INFO] LoadServerUpdatesThread:373 - End of LoadServerUpdate Thread
2024-07-08 11:40:47,762 [INFO] CheckServerUpdateThread:120 - End of CheckServer Thread
2024-07-08 11:40:47,938 [INFO] MainUpdater:2868 - connection check result : 10
2024-07-08 11:40:47,944 [INFO] McuFinderGlobals:76 - Set McuFinderConnectedMode to true
2024-07-08 11:40:48,821 [INFO] ServerAccessManage:473 - Download File mcusAds.json._tmp_
2024-07-08 11:40:48,947 [INFO] LoadUrlFilesThread:156 - End of LoadUrlFiles Thread
2024-07-08 11:40:49,528 [INFO] ServerAccessManage:473 - Download File cube-finder-db.zip
2024-07-08 11:40:50,481 [WARN] MainUpdater:1189 - Updater busy. Cannot search thirdparties
2024-07-08 11:40:50,481 [INFO] ThirdPartyUpdaterWithRetryManager:96 - Updater plugin is busy. [8/15]
2024-07-08 11:40:53,483 [WARN] MainUpdater:1189 - Updater busy. Cannot search thirdparties
2024-07-08 11:40:53,484 [INFO] ThirdPartyUpdaterWithRetryManager:96 - Updater plugin is busy. [9/15]
2024-07-08 11:40:56,486 [WARN] MainUpdater:1189 - Updater busy. Cannot search thirdparties
2024-07-08 11:40:56,486 [INFO] ThirdPartyUpdaterWithRetryManager:96 - Updater plugin is busy. [10/15]
2024-07-08 11:40:57,800 [ERROR] LogOutputStream:75 - [STDERR_REDIRECT] SLF4J: Failed to load class "org.slf4j.impl.StaticLoggerBinder".
2024-07-08 11:40:57,801 [ERROR] LogOutputStream:75 - [STDERR_REDIRECT] SLF4J: Defaulting to no-operation (NOP) logger implementation
2024-07-08 11:40:57,802 [ERROR] LogOutputStream:75 - [STDERR_REDIRECT] SLF4J: See http://www.slf4j.org/codes.html#StaticLoggerBinder for further details.
2024-07-08 11:40:59,487 [WARN] MainUpdater:1189 - Updater busy. Cannot search thirdparties
2024-07-08 11:40:59,487 [INFO] ThirdPartyUpdaterWithRetryManager:96 - Updater plugin is busy. [11/15]
2024-07-08 11:41:02,488 [WARN] MainUpdater:1189 - Updater busy. Cannot search thirdparties
2024-07-08 11:41:02,488 [INFO] ThirdPartyUpdaterWithRetryManager:96 - Updater plugin is busy. [12/15]
2024-07-08 11:41:03,946 [INFO] FileExtend:240 - Unzip File : cube-finder-db.zip
2024-07-08 11:41:03,946 [INFO] FileExtend:255 - Standard Zip Deflate
2024-07-08 11:41:05,120 [INFO] LoadUrlFilesThread:156 - End of LoadUrlFiles Thread
2024-07-08 11:41:05,490 [WARN] MainUpdater:1189 - Updater busy. Cannot search thirdparties
2024-07-08 11:41:05,490 [INFO] ThirdPartyUpdaterWithRetryManager:96 - Updater plugin is busy. [13/15]
2024-07-08 11:41:06,540 [INFO] ServerAccessManage:473 - Download File crdb.zip
2024-07-08 11:41:06,995 [INFO] FileExtend:240 - Unzip File : crdb.zip
2024-07-08 11:41:06,995 [INFO] FileExtend:255 - Standard Zip Deflate
2024-07-08 11:41:07,116 [INFO] LoadUrlFilesThread:156 - End of LoadUrlFiles Thread
2024-07-08 11:41:07,237 [INFO] ServerAccessManage:473 - Download File tutoVideoDB.zip
2024-07-08 11:41:07,292 [INFO] FileExtend:240 - Unzip File : tutoVideoDB.zip
2024-07-08 11:41:07,292 [INFO] FileExtend:255 - Standard Zip Deflate
2024-07-08 11:41:07,403 [INFO] LoadUrlFilesThread:156 - End of LoadUrlFiles Thread
2024-07-08 11:41:07,405 [WARN] DbFile:41 - Overriding database path with different value: C:\Users\e0162112\.stmcufinder\plugins\mcufinder/ => C:\Users\e0162112\.stmcufinder\plugins\mcufinder
2024-07-08 11:41:07,608 [INFO] ServerAccessManage:473 - Download File api_config.json
2024-07-08 11:41:07,721 [INFO] LoadUrlFilesThread:156 - End of LoadUrlFiles Thread
2024-07-08 11:41:07,722 [INFO] DbMcusAds:53 - JSON generation date=Thu May 16 11:22:00 EET 2024 (1715851320667)
2024-07-08 11:41:07,743 [INFO] LoadUrlFilesThread:185 - End of LoadServerUrlFiles without Thread
2024-07-08 11:41:07,743 [INFO] TargetSelectorAdapter:259 - Refresh data is successful
2024-07-08 11:41:08,228 [INFO] ApiDb:581 - Connected to CubeFinder SQLite database (C:\Users\e0162112\.stmcufinder\plugins\mcufinder\mcu\cube-finder-db.db)
2024-07-08 11:41:08,306 [INFO] ApiDb:668 - CubeFinder database Data Model version=2.1
2024-07-08 11:41:08,306 [INFO] ApiDb:669 - CubeFinder database Configuration version=3.0.39
2024-07-08 11:41:08,306 [INFO] ApiDb:670 - CubeFinder database generation date=2024-06-20 (1718880634)
2024-07-08 11:41:08,306 [INFO] ApiDb:671 - CubeFinder database FW Pack versions=[FP-ATR-ASTRA1_V2.0.0, FP-SNS-FLIGHT1_V5.0.2, FP-SNS-MOTENV1_V5.0.0, FP-SNS-MOTENVWB1_V1.4.0, FP-SNS-SMARTAG2_V1.2.0, STM32Cube_FW_C0_V1.2.0, STM32Cube_FW_F4_V1.28.0, STM32Cube_FW_F7_V1.17.2, STM32Cube_FW_G0_V1.6.2, STM32Cube_FW_G4_V1.6.0, STM32Cube_FW_H5_V1.3.0, STM32Cube_FW_H7RS_V1.1.0, STM32Cube_FW_H7_V1.11.2, STM32Cube_FW_L0_V1.12.2, STM32Cube_FW_L5_V1.5.1, STM32Cube_FW_U0_V1.1.0, STM32Cube_FW_U5_V1.6.0, STM32Cube_FW_WB0_V1.0.0, STM32Cube_FW_WBA_V1.4.0, STM32Cube_FW_WB_V1.20.0, STM32Cube_FW_WL_V1.3.0, X-CUBE-ALGOBUILD_V1.4.0, X-CUBE-ALS_V1.0.2, X-CUBE-AZRTOS-F4_V1.1.0, X-CUBE-AZRTOS-F7_V1.1.0, X-CUBE-AZRTOS-G0_V1.1.0, X-CUBE-AZRTOS-G4_V2.0.0, X-CUBE-AZRTOS-H7RS_V1.0.0, X-CUBE-AZRTOS-H7_V3.2.0, X-CUBE-AZRTOS-L4_V2.0.0, X-CUBE-AZRTOS-L5_V1.1.0, X-CUBE-AZRTOS-WB_V2.0.0, X-CUBE-AZRTOS-WL_V2.0.0, X-CUBE-BLE1_V7.0.0, X-CUBE-BLE2_V3.3.0, X-CUBE-BLEMGR_V3.1.0, X-CUBE-EEPRMA1_V5.1.0, X-CUBE-FREERTOS_V1.2.0, X-CUBE-GNSS1_V6.0.0, X-CUBE-MEMS1_V10.0.0, X-CUBE-NFC4_V3.0.0, X-CUBE-NFC7_V1.0.1, X-CUBE-SFXS2LP1_V4.0.0, X-CUBE-SUBG2_V5.0.0, X-CUBE-TOF1_V3.4.1]
2024-07-08 11:41:09,199 [WARN] PackLoader:240 - Cannot read IP mode file for STMicroelectronics.FP-SNS-MOTENVWB1.1.4.0
2024-07-08 11:41:09,220 [WARN] PackLoader:240 - Cannot read IP mode file for STMicroelectronics.X-CUBE-SMBUS.2.1.0
2024-07-08 11:41:09,233 [WARN] PackLoader:240 - Cannot read IP mode file for STMicroelectronics.X-CUBE-TOUCHGFX.4.23.2
2024-07-08 11:41:09,293 [WARN] PackLoader:240 - Cannot read IP mode file for STMicroelectronics.X-CUBE-AZRTOS-F7.1.1.0
2024-07-08 11:41:09,320 [WARN] PackLoader:240 - Cannot read IP mode file for STMicroelectronics.FP-SNS-MOTENV1.4.3.2
2024-07-08 11:41:09,344 [WARN] PackLoader:240 - Cannot read IP mode file for STMicroelectronics.X-CUBE-BLE1.6.2.4
2024-07-08 11:41:09,360 [WARN] PackLoader:240 - Cannot read IP mode file for STMicroelectronics.FP-SNS-FLIGHT1.5.0.2
2024-07-08 11:41:09,386 [WARN] PackLoader:240 - Cannot read IP mode file for STMicroelectronics.X-CUBE-DISPLAY.3.0.0
2024-07-08 11:41:09,421 [WARN] PackLoader:240 - Cannot read IP mode file for STMicroelectronics.X-CUBE-BLE1.7.0.0
2024-07-08 11:41:09,448 [WARN] PackLoader:240 - Cannot read IP mode file for emotas.I-CUBE-CANOPEN.1.3.0
2024-07-08 11:41:09,460 [WARN] PackLoader:240 - Cannot read IP mode file for STMicroelectronics.X-CUBE-TOUCHGFX.4.22.0
2024-07-08 11:41:09,470 [WARN] PackLoader:240 - Cannot read IP mode file for STMicroelectronics.X-CUBE-TOUCHGFX.4.22.1
2024-07-08 11:41:09,499 [WARN] PackLoader:240 - Cannot read IP mode file for STMicroelectronics.X-CUBE-BLEMGR.3.1.0
2024-07-08 11:41:09,522 [WARN] PackLoader:240 - Cannot read IP mode file for STMicroelectronics.FP-SNS-SMARTAG2.1.2.0
2024-07-08 11:41:09,543 [INFO] LogOutputStream:77 - [STDOUT_REDIRECT] 1 : Invalid condition id : UX_CORESTACK_Condition cause : null
2024-07-08 11:41:09,543 [INFO] LogOutputStream:77 - [STDOUT_REDIRECT] 1 : Invalid condition id : UX_CORESTACK_Condition cause : null
2024-07-08 11:41:09,544 [INFO] LogOutputStream:77 - [STDOUT_REDIRECT] 1 : Invalid condition id : UX_CORESTACK_Condition cause : null
2024-07-08 11:41:09,546 [INFO] LogOutputStream:77 - [STDOUT_REDIRECT] 1 : Invalid condition id : UX_CORESTACK_Condition cause : null
2024-07-08 11:41:09,547 [INFO] LogOutputStream:77 - [STDOUT_REDIRECT] 1 : Invalid condition id : UX_CORESTACK_Condition cause : null
2024-07-08 11:41:09,555 [WARN] PackLoader:240 - Cannot read IP mode file for STMicroelectronics.X-CUBE-AZRTOS-WL.2.0.0
2024-07-08 11:41:09,565 [WARN] PackLoader:240 - Cannot read IP mode file for STMicroelectronics.FP-SNS-MOTENV1.5.0.0
2024-07-08 11:41:09,584 [WARN] PackLoader:240 - Cannot read IP mode file for wolfSSL.I-CUBE-wolfMQTT.1.19.0
2024-07-08 11:41:09,602 [WARN] PackLoader:240 - Cannot read IP mode file for WES.I-CUBE-Cesium.1.3.0
2024-07-08 11:41:09,615 [WARN] PackLoader:240 - Cannot read IP mode file for STMicroelectronics.X-CUBE-BLE2.3.3.0
2024-07-08 11:41:09,631 [WARN] PackLoader:240 - Cannot read IP mode file for STMicroelectronics.X-CUBE-TCPP.4.1.0
2024-07-08 11:41:09,655 [WARN] PackLoader:240 - Cannot read IP mode file for STMicroelectronics.X-CUBE-ALGOBUILD.1.3.0
2024-07-08 11:41:09,690 [WARN] PackLoader:240 - Cannot read IP mode file for STMicroelectronics.X-CUBE-AZRTOS-G0.1.1.0
2024-07-08 11:41:09,715 [WARN] PackLoader:240 - Cannot read IP mode file for STMicroelectronics.X-CUBE-SAFEA1.1.2.2
2024-07-08 11:41:09,735 [WARN] PackLoader:240 - Cannot read IP mode file for STMicroelectronics.X-CUBE-NFC4.3.0.0
2024-07-08 11:41:09,746 [WARN] PackLoader:240 - Cannot read IP mode file for wolfSSL.I-CUBE-wolfMQTT.1.18.0
2024-07-08 11:41:09,752 [ERROR] Engine:466 - C:\Users\e0162112\.stm32cubemx\thirdparties\pdsc\EmbeddedOffice.I-CUBE-FS-RTOS.1.0.1.pdsc: PDSC version is not supported
2024-07-08 11:41:09,768 [WARN] PackLoader:240 - Cannot read IP mode file for STMicroelectronics.X-CUBE-BLEMGR.3.0.0
2024-07-08 11:41:09,776 [ERROR] Engine:466 - C:\Users\e0162112\.stm32cubemx\thirdparties\pdsc\RealThread.X-CUBE-RT-Thread_Nano.4.1.1.pdsc: PDSC version is not supported
2024-07-08 11:41:09,790 [WARN] PackLoader:240 - Cannot read IP mode file for wolfSSL.I-CUBE-wolfSSL.5.7.0
2024-07-08 11:41:09,805 [WARN] PackLoader:240 - Cannot read IP mode file for STMicroelectronics.FP-ATR-SIGFOX1.3.2.0
2024-07-08 11:41:09,823 [WARN] PackLoader:240 - Cannot read IP mode file for STMicroelectronics.X-CUBE-EEPRMA1.5.1.0
2024-07-08 11:41:09,848 [WARN] PackLoader:240 - Cannot read IP mode file for ITTIA_DB.I-CUBE-ITTIADB.8.9.0
2024-07-08 11:41:09,915 [WARN] PackLoader:240 - Cannot read IP mode file for SEGGER.I-CUBE-embOS.1.3.1
2024-07-08 11:41:10,004 [WARN] PackLoader:240 - Cannot read IP mode file for STMicroelectronics.X-CUBE-ALGOBUILD.1.4.0
2024-07-08 11:41:10,021 [WARN] PackLoader:240 - Cannot read IP mode file for STMicroelectronics.X-CUBE-GNSS1.6.0.0
2024-07-08 11:41:10,060 [WARN] PackLoader:240 - Cannot read IP mode file for STMicroelectronics.X-CUBE-AZRTOS-F4.1.1.0
2024-07-08 11:41:10,075 [WARN] PackLoader:240 - Cannot read IP mode file for wolfSSL.I-CUBE-wolfSSL.5.6.3
2024-07-08 11:41:10,092 [WARN] PackLoader:240 - Cannot read IP mode file for STMicroelectronics.X-CUBE-FREERTOS.1.2.0
2024-07-08 11:41:10,129 [WARN] PackLoader:240 - Cannot read IP mode file for STMicroelectronics.X-CUBE-AZRTOS-L5.2.0.0
2024-07-08 11:41:10,215 [WARN] PackLoader:240 - Cannot read IP mode file for STMicroelectronics.X-CUBE-MEMS1.9.6.0
2024-07-08 11:41:10,441 [WARN] PackLoader:240 - Cannot read IP mode file for STMicroelectronics.X-CUBE-EEPRMA1.4.2.0
2024-07-08 11:41:10,461 [WARN] PackLoader:240 - Cannot read IP mode file for STMicroelectronics.X-CUBE-NFC6.3.1.0
2024-07-08 11:41:10,476 [WARN] PackLoader:240 - Cannot read IP mode file for ITTIA_DB.I-CUBE-ITTIADB.8.8.0
2024-07-08 11:41:10,492 [WARN] PackLoader:240 - Cannot read IP mode file for STMicroelectronics.X-CUBE-BLEMGR.2.0.0
2024-07-08 11:41:10,498 [ERROR] Engine:466 - C:\Users\e0162112\.stm32cubemx\thirdparties\pdsc\STMicroelectronics.X-CUBE-DPower.1.2.0.pdsc: PDSC version is not supported
2024-07-08 11:41:10,516 [WARN] PackLoader:240 - Cannot read IP mode file for STMicroelectronics.X-CUBE-AI.9.0.0
2024-07-08 11:41:10,636 [WARN] ConditionMgr:438 - getConditionDescription Invalid condition id : UX DEVICE CLASS RTOS Condition cause : null
2024-07-08 11:41:10,637 [WARN] ConditionMgr:438 - getConditionDescription Invalid condition id : UX DEVICE CLASS RTOS Condition cause : null
2024-07-08 11:41:10,641 [WARN] PackLoader:240 - Cannot read IP mode file for STMicroelectronics.X-CUBE-AZRTOS-H7.3.1.0
2024-07-08 11:41:10,642 [WARN] ConditionMgr:1039 - genDependencies : Invalid condition id : UX DEVICE CLASS RTOS Condition cause : null
2024-07-08 11:41:10,642 [WARN] ConditionMgr:1039 - genDependencies : Invalid condition id : UX DEVICE CLASS RTOS Condition cause : null
2024-07-08 11:41:10,643 [WARN] ConditionMgr:1039 - genDependencies : Invalid condition id : UX DEVICE CLASS RTOS Condition cause : null
2024-07-08 11:41:10,643 [WARN] ConditionMgr:1039 - genDependencies : Invalid condition id : UX DEVICE CLASS RTOS Condition cause : null
2024-07-08 11:41:10,644 [WARN] ConditionMgr:1039 - genDependencies : Invalid condition id : UX DEVICE CLASS RTOS Condition cause : null
2024-07-08 11:41:10,660 [WARN] PackLoader:240 - Cannot read IP mode file for STMicroelectronics.X-CUBE-NFC7.1.0.1
2024-07-08 11:41:10,682 [WARN] PackLoader:240 - Cannot read IP mode file for wolfSSL.I-CUBE-wolfTPM.3.2.0
2024-07-08 11:41:10,699 [WARN] PackLoader:240 - Cannot read IP mode file for STMicroelectronics.X-CUBE-NFC6.3.0.0
2024-07-08 11:41:10,712 [WARN] PackLoader:240 - Cannot read IP mode file for STMicroelectronics.X-CUBE-EEPRMA1.4.1.0
2024-07-08 11:41:10,726 [WARN] PackLoader:240 - Cannot read IP mode file for STMicroelectronics.X-CUBE-AI.8.1.0
2024-07-08 11:41:10,760 [WARN] ConditionMgr:438 - getConditionDescription Invalid condition id : LAN8742 Phy interface Condition cause : null
2024-07-08 11:41:10,761 [WARN] PackLoader:240 - Cannot read IP mode file for STMicroelectronics.X-CUBE-AZRTOS-L4.2.0.0
2024-07-08 11:41:10,763 [WARN] ConditionMgr:1039 - genDependencies : Invalid condition id : LAN8742 Phy interface Condition cause : null
2024-07-08 11:41:10,763 [WARN] ConditionMgr:1039 - genDependencies : Invalid condition id : LAN8742 Phy interface Condition cause : null
2024-07-08 11:41:10,764 [WARN] ConditionMgr:1039 - genDependencies : Invalid condition id : LAN8742 Phy interface Condition cause : null
2024-07-08 11:41:10,783 [WARN] PackLoader:240 - Cannot read IP mode file for STMicroelectronics.X-CUBE-SFXS2LP1.4.0.0
2024-07-08 11:41:10,803 [WARN] PackLoader:240 - Cannot read IP mode file for STMicroelectronics.X-CUBE-ISPU.1.1.0
2024-07-08 11:41:10,828 [WARN] ConditionMgr:438 - getConditionDescription Invalid condition id : UX DEVICE CLASS RTOS Condition cause : null
2024-07-08 11:41:10,828 [WARN] ConditionMgr:438 - getConditionDescription Invalid condition id : UX DEVICE CLASS RTOS Condition cause : null
2024-07-08 11:41:10,831 [WARN] PackLoader:240 - Cannot read IP mode file for STMicroelectronics.X-CUBE-AZRTOS-WB.2.0.0
2024-07-08 11:41:10,833 [WARN] ConditionMgr:1039 - genDependencies : Invalid condition id : UX DEVICE CLASS RTOS Condition cause : null
2024-07-08 11:41:10,833 [WARN] ConditionMgr:1039 - genDependencies : Invalid condition id : UX DEVICE CLASS RTOS Condition cause : null
2024-07-08 11:41:10,834 [WARN] ConditionMgr:1039 - genDependencies : Invalid condition id : UX DEVICE CLASS RTOS Condition cause : null
2024-07-08 11:41:10,835 [WARN] ConditionMgr:1039 - genDependencies : Invalid condition id : UX DEVICE CLASS RTOS Condition cause : null
2024-07-08 11:41:10,836 [WARN] ConditionMgr:1039 - genDependencies : Invalid condition id : UX DEVICE CLASS RTOS Condition cause : null
2024-07-08 11:41:10,846 [WARN] PackLoader:240 - Cannot read IP mode file for STMicroelectronics.X-CUBE-FREERTOS.1.0.1
2024-07-08 11:41:10,876 [WARN] PackLoader:240 - Cannot read IP mode file for STMicroelectronics.X-CUBE-AZRTOS-L5.1.1.0
2024-07-08 11:41:10,889 [WARN] PackLoader:240 - Cannot read IP mode file for STMicroelectronics.X-CUBE-AI.8.0.1
2024-07-08 11:41:10,916 [WARN] PackLoader:240 - Cannot read IP mode file for STMicroelectronics.X-CUBE-SUBG2.5.0.0
2024-07-08 11:41:10,943 [WARN] PackLoader:240 - Cannot read IP mode file for Cesanta.I-CUBE-Mongoose.7.13.0
2024-07-08 11:41:10,965 [WARN] PackLoader:240 - Cannot read IP mode file for STMicroelectronics.X-CUBE-TOF1.3.3.1
2024-07-08 11:41:11,008 [WARN] PackLoader:240 - Cannot read IP mode file for STMicroelectronics.X-CUBE-AZRTOS-G4.2.0.0
2024-07-08 11:41:11,044 [WARN] PackLoader:240 - Cannot read IP mode file for Infineon.AIROC-Wi-Fi-Bluetooth-STM32.1.5.1
2024-07-08 11:41:11,062 [WARN] PackLoader:240 - Cannot read IP mode file for STMicroelectronics.FP-SNS-MOTENVWB1.1.3.0
2024-07-08 11:41:11,074 [WARN] PackLoader:240 - Cannot read IP mode file for STMicroelectronics.X-CUBE-ISPU.2.0.0
2024-07-08 11:41:11,089 [WARN] PackLoader:240 - Cannot read IP mode file for STMicroelectronics.X-CUBE-ALS.1.0.2
2024-07-08 11:41:11,181 [WARN] PackLoader:240 - Cannot read IP mode file for STMicroelectronics.X-CUBE-MEMS1.10.0.0
2024-07-08 11:41:11,539 [WARN] PackLoader:240 - Cannot read IP mode file for STMicroelectronics.X-CUBE-FREERTOS.1.1.0
2024-07-08 11:41:11,546 [WARN] PackLoader:240 - Cannot read IP mode file for STMicroelectronics.X-CUBE-TOUCHGFX.4.24.0
2024-07-08 11:41:11,565 [WARN] PackLoader:240 - Cannot read IP mode file for portGmbH.I-Cube-SoM-uGOAL.1.1.0
2024-07-08 11:41:11,575 [WARN] PackLoader:240 - Cannot read IP mode file for STMicroelectronics.X-CUBE-ALS.1.0.1
2024-07-08 11:41:11,596 [WARN] PackLoader:240 - Cannot read IP mode file for STMicroelectronics.X-CUBE-AZRTOS-WB.1.1.0
2024-07-08 11:41:11,629 [WARN] PackLoader:240 - Cannot read IP mode file for STMicroelectronics.X-CUBE-AZRTOS-H7RS.1.0.0
2024-07-08 11:41:11,644 [WARN] PackLoader:240 - Cannot read IP mode file for STMicroelectronics.FP-ATR-ASTRA1.2.0.0
2024-07-08 11:41:11,661 [WARN] PackLoader:240 - Cannot read IP mode file for STMicroelectronics.X-CUBE-TOF1.3.4.0
2024-07-08 11:41:11,690 [WARN] PackLoader:240 - Cannot read IP mode file for STMicroelectronics.X-CUBE-TOF1.3.4.1
2024-07-08 11:41:11,727 [WARN] PackLoader:240 - Cannot read IP mode file for STMicroelectronics.X-CUBE-AZRTOS-H7.3.2.0
2024-07-08 11:41:11,749 [WARN] PackLoader:240 - Cannot read IP mode file for Infineon.AIROC-Wi-Fi-Bluetooth-STM32.1.6.0
2024-07-08 11:41:11,756 [INFO] ThirdParty:978 - Integrity check success = true
2024-07-08 11:41:11,756 [INFO] IntegrityCheckThread:100 - exiting critical section [integrity check]
2024-07-08 11:41:11,756 [INFO] IntegrityCheckThread:103 - End integrity checks thread
2024-07-08 11:41:12,324 [INFO] ApiDb:240 - Found 323 in-development CPN: [B-G473E-ZEST1S, B-WB1M-WPAN1, B-WL5M-SUBG1, NUCLEO-C031C6, NUCLEO-H503RB, NUCLEO-H563ZI, NUCLEO-U545RE-Q, NUCLEO-U5A5ZJ-Q, NUCLEO-WBA52CG, STEVAL-PROTEUS1, STEVAL-SMARTAG2, STEVAL-STWINBX1, STM320518-EVAL, STM32C0116-DK, STM32C011D6Y3TR, STM32C011D6Y6TR, STM32C011F4P3, STM32C011F4P6, STM32C011F4U3, STM32C011F4U6TR, STM32C011F6P3, STM32C011F6P6, STM32C011F6U3, STM32C011F6U6TR, STM32C011J4M3, STM32C011J4M6, STM32C011J6M3, STM32C011J6M6, STM32C0316-DK, STM32C031C4T3, STM32C031C4T6, STM32C031C4U3, STM32C031C4U6, STM32C031C6T3, STM32C031C6T6, STM32C031C6U3, STM32C031C6U6, STM32C031F4P3, STM32C031F4P6, STM32C031F6P3, STM32C031F6P6, STM32C031G4U3, STM32C031G4U6, STM32C031G6U3, STM32C031G6U6, STM32C031K4T3, STM32C031K4T6, STM32C031K4U3, STM32C031K4U6, STM32C031K6T3, STM32C031K6T6, STM32C031K6U3, STM32C031K6U6, STM32G071K8TXN, STM32G071K8UXN, STM32G081GBU6N, STM32G081KBT6N, STM32G081KBUXN, STM32G0B1CCT6N, STM32G0B1KCT6, STM32G0B1NEY6TR, STM32G0B1RCT6N, STM32G0C1CCT6, STM32G0C1CCT6N, STM32G0C1CCU6N, STM32G0C1CET6N, STM32G0C1CEU6N, STM32G0C1KCT6, STM32G0C1NEY6TR, STM32G0C1RCI6N, STM32G0C1RCT6N, STM32G0C1REI6N, STM32G0C1RET6N, STM32G0C1VCI6, STM32G0C1VEI6, STM32G471CCT6, STM32G471CCU6, STM32G471CET3, STM32G471CET6, STM32G471CEU3, STM32G471CEU6, STM32G471MCT6, STM32G471MET3, STM32G471MET6, STM32G471MEY6TR, STM32G471QCT6, STM32G471QET3, STM32G471RCT6, STM32G471RET3, STM32G471RET6, STM32G471VCH6, STM32G471VCI6, STM32G471VCT6, STM32G471VEH3, STM32G471VEH6, STM32G471VEI3, STM32G471VEI6, STM32G471VET3, STM32G471VET6, STM32G474CCT6, STM32H503CBT6, STM32H503CBU6, STM32H503EBY6TR, STM32H503KBU6, STM32H503RBT6, STM32H562AGI6, STM32H562AII6, STM32H562IGK6, STM32H562IGT6, STM32H562IIK6, STM32H562IIT6, STM32H562RGT6, STM32H562RGV6, STM32H562RIT6, STM32H562RIV6, STM32H562VGT6, STM32H562VIT6, STM32H562ZGT6, STM32H562ZIT6, STM32H563AGI6, STM32H563AII3Q, STM32H563AII6, STM32H563IGK6, STM32H563IGT6, STM32H563IIK3Q, STM32H563IIK6, STM32H563IIT3Q, STM32H563IIT6, STM32H563MIY3QTR, STM32H563RGT6, STM32H563RGV6, STM32H563RIT6, STM32H563RIV6, STM32H563VGT6, STM32H563VIT3Q, STM32H563VIT6, STM32H563ZGT6, STM32H563ZIT3Q, STM32H563ZIT6, STM32H573AII3Q, STM32H573AII6, STM32H573I-DK, STM32H573IIK3Q, STM32H573IIK6, STM32H573IIT3Q, STM32H573IIT6, STM32H573MIY3QTR, STM32H573RIT6, STM32H573RIV6, STM32H573VIT3Q, STM32H573VIT6, STM32H573ZIT3Q, STM32H573ZIT6, STM32L4R5QGI6STR, STM32MP131AAE3, STM32MP131AAF3, STM32MP131AAG3, STM32MP131CAE3, STM32MP131CAF3, STM32MP131CAG3, STM32MP131DAE7, STM32MP131DAF7, STM32MP131DAG7, STM32MP131FAE7, STM32MP131FAF7, STM32MP131FAG7, STM32MP133AAE3, STM32MP133AAF3, STM32MP133AAG3, STM32MP133CAE3, STM32MP133CAF3, STM32MP133CAG3, STM32MP133DAE7, STM32MP133DAF7, STM32MP133DAG7, STM32MP133FAE7, STM32MP133FAF7, STM32MP133FAG7, STM32MP135AAE3, STM32MP135AAF3, STM32MP135AAG3, STM32MP135CAE3, STM32MP135CAF3, STM32MP135CAG3, STM32MP135DAE7, STM32MP135DAF7, STM32MP135DAG7, STM32MP135F-DK, STM32MP135FAE7, STM32MP135FAF7, STM32MP135FAF7T, STM32MP135FAF7U, STM32MP135FAG7, STM32U535CBT6, STM32U535CBT6Q, STM32U535CBU6, STM32U535CBU6Q, STM32U535CCT6, STM32U535CCT6Q, STM32U535CCU6, STM32U535CCU6Q, STM32U535CET6, STM32U535CET6Q, STM32U535CEU6, STM32U535CEU6Q, STM32U535JEY6QTR, STM32U535NCY6QTR, STM32U535NEY6QTR, STM32U535RBI6, STM32U535RBI6Q, STM32U535RBT6, STM32U535RBT6Q, STM32U535RCI6, STM32U535RCI6Q, STM32U535RCT6, STM32U535RCT6Q, STM32U535REI6, STM32U535REI6Q, STM32U535RET6, STM32U535RET6Q, STM32U535VCI6, STM32U535VCI6Q, STM32U535VCT6, STM32U535VCT6Q, STM32U535VEI6, STM32U535VEI6Q, STM32U535VET6, STM32U535VET6Q, STM32U545CET6, STM32U545CET6Q, STM32U545CEU6, STM32U545CEU6Q, STM32U545JEY6QTR, STM32U545NEY6QTR, STM32U545REI6, STM32U545REI6Q, STM32U545RET6, STM32U545RET6Q, STM32U545VEI6, STM32U545VEI6Q, STM32U545VET6, STM32U545VET6Q, STM32U595AIH6, STM32U595AIH6Q, STM32U595AJH6, STM32U595AJH6Q, STM32U595QII6, STM32U595QII6Q, STM32U595QJI6, STM32U595QJI6Q, STM32U595RIT6, STM32U595RIT6Q, STM32U595RJT6, STM32U595RJT6Q, STM32U595VIT6, STM32U595VIT6Q, STM32U595VJT6, STM32U595VJT6Q, STM32U595ZIT6, STM32U595ZIT6Q, STM32U595ZIY6QTR, STM32U595ZJT6, STM32U595ZJT6Q, STM32U595ZJY6QTR, STM32U599BJY6QTR, STM32U599NIH6Q, STM32U599NJH6Q, STM32U599VIT6Q, STM32U599VJT6, STM32U599VJT6Q, STM32U599ZIT6Q, STM32U599ZIY6QTR, STM32U599ZJT6Q, STM32U599ZJY6QTR, STM32U5A5AJH6, STM32U5A5AJH6Q, STM32U5A5QJI6, STM32U5A5QJI6Q, STM32U5A5RJT6, STM32U5A5RJT6Q, STM32U5A5VJT6, STM32U5A5VJT6Q, STM32U5A5ZJT6, STM32U5A5ZJT6Q, STM32U5A5ZJY6QTR, STM32U5A9BJY6QTR, STM32U5A9J-DK, STM32U5A9NJH6Q, STM32U5A9VJT6Q, STM32U5A9ZJT6Q, STM32U5A9ZJY6QTR, STM32U5F7VIT6, STM32U5F7VIT6Q, STM32U5F7VJT6, STM32U5F7VJT6Q, STM32U5F9BJY6QTR, STM32U5F9NJH6Q, STM32U5F9VIT6Q, STM32U5F9VJT6Q, STM32U5F9ZIJ6QTR, STM32U5F9ZIT6Q, STM32U5F9ZJJ6QTR, STM32U5F9ZJT6Q, STM32U5G7VJT6, STM32U5G7VJT6Q, STM32U5G9BJY6QTR, STM32U5G9J-DK1, STM32U5G9J-DK2, STM32U5G9NJH6Q, STM32U5G9VJT6Q, STM32U5G9ZJJ6QTR, STM32U5G9ZJT6Q, STM32WB1MMCH6, STM32WBA52CEU6, STM32WBA52CEU6T, STM32WBA52CGU6, STM32WBA52CGU6T, STM32WBA52KEU6, STM32WBA52KEU6T, STM32WBA52KGU6, STM32WBA52KGU6T, STM32WL5MOCH6, STM32WL5MOCH6TR]
2024-07-08 11:41:12,333 [INFO] DbMcus:217 - Found 4186 MCUs, 4186 are supported
2024-07-08 11:41:12,337 [INFO] ApiDb:423 - Load user favorites file C:\Users\e0162112/.stm32cubeide/favorites.mcus.txt: 0 item(s)
2024-07-08 11:41:12,337 [INFO] ApiDb:427 - User favorites MCUs=[]
2024-07-08 11:41:12,337 [INFO] DbMcus:223 - Set 0 / 0 favorites MCUs
2024-07-08 11:41:12,687 [INFO] ApiDb:668 - CubeFinder database Data Model version=2.1
2024-07-08 11:41:12,687 [INFO] ApiDb:669 - CubeFinder database Configuration version=3.0.39
2024-07-08 11:41:12,687 [INFO] ApiDb:670 - CubeFinder database generation date=2024-06-20 (1718880634)
2024-07-08 11:41:12,687 [INFO] ApiDb:671 - CubeFinder database FW Pack versions=[FP-ATR-ASTRA1_V2.0.0, FP-SNS-FLIGHT1_V5.0.2, FP-SNS-MOTENV1_V5.0.0, FP-SNS-MOTENVWB1_V1.4.0, FP-SNS-SMARTAG2_V1.2.0, STM32Cube_FW_C0_V1.2.0, STM32Cube_FW_F4_V1.28.0, STM32Cube_FW_F7_V1.17.2, STM32Cube_FW_G0_V1.6.2, STM32Cube_FW_G4_V1.6.0, STM32Cube_FW_H5_V1.3.0, STM32Cube_FW_H7RS_V1.1.0, STM32Cube_FW_H7_V1.11.2, STM32Cube_FW_L0_V1.12.2, STM32Cube_FW_L5_V1.5.1, STM32Cube_FW_U0_V1.1.0, STM32Cube_FW_U5_V1.6.0, STM32Cube_FW_WB0_V1.0.0, STM32Cube_FW_WBA_V1.4.0, STM32Cube_FW_WB_V1.20.0, STM32Cube_FW_WL_V1.3.0, X-CUBE-ALGOBUILD_V1.4.0, X-CUBE-ALS_V1.0.2, X-CUBE-AZRTOS-F4_V1.1.0, X-CUBE-AZRTOS-F7_V1.1.0, X-CUBE-AZRTOS-G0_V1.1.0, X-CUBE-AZRTOS-G4_V2.0.0, X-CUBE-AZRTOS-H7RS_V1.0.0, X-CUBE-AZRTOS-H7_V3.2.0, X-CUBE-AZRTOS-L4_V2.0.0, X-CUBE-AZRTOS-L5_V1.1.0, X-CUBE-AZRTOS-WB_V2.0.0, X-CUBE-AZRTOS-WL_V2.0.0, X-CUBE-BLE1_V7.0.0, X-CUBE-BLE2_V3.3.0, X-CUBE-BLEMGR_V3.1.0, X-CUBE-EEPRMA1_V5.1.0, X-CUBE-FREERTOS_V1.2.0, X-CUBE-GNSS1_V6.0.0, X-CUBE-MEMS1_V10.0.0, X-CUBE-NFC4_V3.0.0, X-CUBE-NFC7_V1.0.1, X-CUBE-SFXS2LP1_V4.0.0, X-CUBE-SUBG2_V5.0.0, X-CUBE-TOF1_V3.4.1]
2024-07-08 11:41:12,750 [INFO] DbBoardsSqlite:226 - include board P-NUCLEO-WB55-NUCLEO as a kit item of type 'Nucleo-64'
2024-07-08 11:41:12,751 [INFO] DbBoardsSqlite:226 - include board P-NUCLEO-WB55-USBDONGLE as a kit item of type 'Nucleo USB Dongle'
2024-07-08 11:41:12,751 [INFO] DbBoardsSqlite:226 - include board STEVAL-IDP005V1 as a kit item of type 'Evaluation Board'
2024-07-08 11:41:12,751 [INFO] DbBoardsSqlite:226 - include board STEVAL-IDP005V2 as a kit item of type 'Evaluation Board'
2024-07-08 11:41:12,804 [INFO] ApiDb:240 - Found 323 in-development CPN: [B-G473E-ZEST1S, B-WB1M-WPAN1, B-WL5M-SUBG1, NUCLEO-C031C6, NUCLEO-H503RB, NUCLEO-H563ZI, NUCLEO-U545RE-Q, NUCLEO-U5A5ZJ-Q, NUCLEO-WBA52CG, STEVAL-PROTEUS1, STEVAL-SMARTAG2, STEVAL-STWINBX1, STM320518-EVAL, STM32C0116-DK, STM32C011D6Y3TR, STM32C011D6Y6TR, STM32C011F4P3, STM32C011F4P6, STM32C011F4U3, STM32C011F4U6TR, STM32C011F6P3, STM32C011F6P6, STM32C011F6U3, STM32C011F6U6TR, STM32C011J4M3, STM32C011J4M6, STM32C011J6M3, STM32C011J6M6, STM32C0316-DK, STM32C031C4T3, STM32C031C4T6, STM32C031C4U3, STM32C031C4U6, STM32C031C6T3, STM32C031C6T6, STM32C031C6U3, STM32C031C6U6, STM32C031F4P3, STM32C031F4P6, STM32C031F6P3, STM32C031F6P6, STM32C031G4U3, STM32C031G4U6, STM32C031G6U3, STM32C031G6U6, STM32C031K4T3, STM32C031K4T6, STM32C031K4U3, STM32C031K4U6, STM32C031K6T3, STM32C031K6T6, STM32C031K6U3, STM32C031K6U6, STM32G071K8TXN, STM32G071K8UXN, STM32G081GBU6N, STM32G081KBT6N, STM32G081KBUXN, STM32G0B1CCT6N, STM32G0B1KCT6, STM32G0B1NEY6TR, STM32G0B1RCT6N, STM32G0C1CCT6, STM32G0C1CCT6N, STM32G0C1CCU6N, STM32G0C1CET6N, STM32G0C1CEU6N, STM32G0C1KCT6, STM32G0C1NEY6TR, STM32G0C1RCI6N, STM32G0C1RCT6N, STM32G0C1REI6N, STM32G0C1RET6N, STM32G0C1VCI6, STM32G0C1VEI6, STM32G471CCT6, STM32G471CCU6, STM32G471CET3, STM32G471CET6, STM32G471CEU3, STM32G471CEU6, STM32G471MCT6, STM32G471MET3, STM32G471MET6, STM32G471MEY6TR, STM32G471QCT6, STM32G471QET3, STM32G471RCT6, STM32G471RET3, STM32G471RET6, STM32G471VCH6, STM32G471VCI6, STM32G471VCT6, STM32G471VEH3, STM32G471VEH6, STM32G471VEI3, STM32G471VEI6, STM32G471VET3, STM32G471VET6, STM32G474CCT6, STM32H503CBT6, STM32H503CBU6, STM32H503EBY6TR, STM32H503KBU6, STM32H503RBT6, STM32H562AGI6, STM32H562AII6, STM32H562IGK6, STM32H562IGT6, STM32H562IIK6, STM32H562IIT6, STM32H562RGT6, STM32H562RGV6, STM32H562RIT6, STM32H562RIV6, STM32H562VGT6, STM32H562VIT6, STM32H562ZGT6, STM32H562ZIT6, STM32H563AGI6, STM32H563AII3Q, STM32H563AII6, STM32H563IGK6, STM32H563IGT6, STM32H563IIK3Q, STM32H563IIK6, STM32H563IIT3Q, STM32H563IIT6, STM32H563MIY3QTR, STM32H563RGT6, STM32H563RGV6, STM32H563RIT6, STM32H563RIV6, STM32H563VGT6, STM32H563VIT3Q, STM32H563VIT6, STM32H563ZGT6, STM32H563ZIT3Q, STM32H563ZIT6, STM32H573AII3Q, STM32H573AII6, STM32H573I-DK, STM32H573IIK3Q, STM32H573IIK6, STM32H573IIT3Q, STM32H573IIT6, STM32H573MIY3QTR, STM32H573RIT6, STM32H573RIV6, STM32H573VIT3Q, STM32H573VIT6, STM32H573ZIT3Q, STM32H573ZIT6, STM32L4R5QGI6STR, STM32MP131AAE3, STM32MP131AAF3, STM32MP131AAG3, STM32MP131CAE3, STM32MP131CAF3, STM32MP131CAG3, STM32MP131DAE7, STM32MP131DAF7, STM32MP131DAG7, STM32MP131FAE7, STM32MP131FAF7, STM32MP131FAG7, STM32MP133AAE3, STM32MP133AAF3, STM32MP133AAG3, STM32MP133CAE3, STM32MP133CAF3, STM32MP133CAG3, STM32MP133DAE7, STM32MP133DAF7, STM32MP133DAG7, STM32MP133FAE7, STM32MP133FAF7, STM32MP133FAG7, STM32MP135AAE3, STM32MP135AAF3, STM32MP135AAG3, STM32MP135CAE3, STM32MP135CAF3, STM32MP135CAG3, STM32MP135DAE7, STM32MP135DAF7, STM32MP135DAG7, STM32MP135F-DK, STM32MP135FAE7, STM32MP135FAF7, STM32MP135FAF7T, STM32MP135FAF7U, STM32MP135FAG7, STM32U535CBT6, STM32U535CBT6Q, STM32U535CBU6, STM32U535CBU6Q, STM32U535CCT6, STM32U535CCT6Q, STM32U535CCU6, STM32U535CCU6Q, STM32U535CET6, STM32U535CET6Q, STM32U535CEU6, STM32U535CEU6Q, STM32U535JEY6QTR, STM32U535NCY6QTR, STM32U535NEY6QTR, STM32U535RBI6, STM32U535RBI6Q, STM32U535RBT6, STM32U535RBT6Q, STM32U535RCI6, STM32U535RCI6Q, STM32U535RCT6, STM32U535RCT6Q, STM32U535REI6, STM32U535REI6Q, STM32U535RET6, STM32U535RET6Q, STM32U535VCI6, STM32U535VCI6Q, STM32U535VCT6, STM32U535VCT6Q, STM32U535VEI6, STM32U535VEI6Q, STM32U535VET6, STM32U535VET6Q, STM32U545CET6, STM32U545CET6Q, STM32U545CEU6, STM32U545CEU6Q, STM32U545JEY6QTR, STM32U545NEY6QTR, STM32U545REI6, STM32U545REI6Q, STM32U545RET6, STM32U545RET6Q, STM32U545VEI6, STM32U545VEI6Q, STM32U545VET6, STM32U545VET6Q, STM32U595AIH6, STM32U595AIH6Q, STM32U595AJH6, STM32U595AJH6Q, STM32U595QII6, STM32U595QII6Q, STM32U595QJI6, STM32U595QJI6Q, STM32U595RIT6, STM32U595RIT6Q, STM32U595RJT6, STM32U595RJT6Q, STM32U595VIT6, STM32U595VIT6Q, STM32U595VJT6, STM32U595VJT6Q, STM32U595ZIT6, STM32U595ZIT6Q, STM32U595ZIY6QTR, STM32U595ZJT6, STM32U595ZJT6Q, STM32U595ZJY6QTR, STM32U599BJY6QTR, STM32U599NIH6Q, STM32U599NJH6Q, STM32U599VIT6Q, STM32U599VJT6, STM32U599VJT6Q, STM32U599ZIT6Q, STM32U599ZIY6QTR, STM32U599ZJT6Q, STM32U599ZJY6QTR, STM32U5A5AJH6, STM32U5A5AJH6Q, STM32U5A5QJI6, STM32U5A5QJI6Q, STM32U5A5RJT6, STM32U5A5RJT6Q, STM32U5A5VJT6, STM32U5A5VJT6Q, STM32U5A5ZJT6, STM32U5A5ZJT6Q, STM32U5A5ZJY6QTR, STM32U5A9BJY6QTR, STM32U5A9J-DK, STM32U5A9NJH6Q, STM32U5A9VJT6Q, STM32U5A9ZJT6Q, STM32U5A9ZJY6QTR, STM32U5F7VIT6, STM32U5F7VIT6Q, STM32U5F7VJT6, STM32U5F7VJT6Q, STM32U5F9BJY6QTR, STM32U5F9NJH6Q, STM32U5F9VIT6Q, STM32U5F9VJT6Q, STM32U5F9ZIJ6QTR, STM32U5F9ZIT6Q, STM32U5F9ZJJ6QTR, STM32U5F9ZJT6Q, STM32U5G7VJT6, STM32U5G7VJT6Q, STM32U5G9BJY6QTR, STM32U5G9J-DK1, STM32U5G9J-DK2, STM32U5G9NJH6Q, STM32U5G9VJT6Q, STM32U5G9ZJJ6QTR, STM32U5G9ZJT6Q, STM32WB1MMCH6, STM32WBA52CEU6, STM32WBA52CEU6T, STM32WBA52CGU6, STM32WBA52CGU6T, STM32WBA52KEU6, STM32WBA52KEU6T, STM32WBA52KGU6, STM32WBA52KGU6T, STM32WL5MOCH6, STM32WL5MOCH6TR]
2024-07-08 11:41:12,891 [INFO] BoardInfo:880 - No configuration file found for board NUCLEO-H533RE
2024-07-08 11:41:12,891 [INFO] DbBoards:157 - Board is not supported: NUCLEO-H533RE
2024-07-08 11:41:12,902 [INFO] BoardInfo:880 - No configuration file found for board NUCLEO-H7S3L8
2024-07-08 11:41:12,902 [INFO] DbBoards:157 - Board is not supported: NUCLEO-H7S3L8
2024-07-08 11:41:12,925 [INFO] BoardInfo:880 - No configuration file found for board NUCLEO-U031R8
2024-07-08 11:41:12,925 [INFO] DbBoards:157 - Board is not supported: NUCLEO-U031R8
2024-07-08 11:41:12,926 [INFO] BoardInfo:880 - No configuration file found for board NUCLEO-U083RC
2024-07-08 11:41:12,927 [INFO] DbBoards:157 - Board is not supported: NUCLEO-U083RC
2024-07-08 11:41:12,935 [INFO] BoardInfo:880 - No configuration file found for board NUCLEO-WBA55CG
2024-07-08 11:41:12,936 [INFO] DbBoards:157 - Board is not supported: NUCLEO-WBA55CG
2024-07-08 11:41:12,942 [INFO] BoardInfo:880 - No configuration file found for board P-NUCLEO-WB55
2024-07-08 11:41:12,942 [INFO] DbBoards:157 - Kit is not supported: P-NUCLEO-WB55
2024-07-08 11:41:12,946 [INFO] BoardInfo:880 - No configuration file found for board STEVAL-BFA001V1B
2024-07-08 11:41:12,947 [INFO] DbBoards:157 - Kit is not supported: STEVAL-BFA001V1B
2024-07-08 11:41:12,948 [INFO] BoardInfo:880 - No configuration file found for board STEVAL-BFA001V2B
2024-07-08 11:41:12,948 [INFO] DbBoards:157 - Kit is not supported: STEVAL-BFA001V2B
2024-07-08 11:41:12,955 [INFO] BoardInfo:880 - No configuration file found for board STEVAL-MKBOXPRO
2024-07-08 11:41:12,955 [INFO] DbBoards:157 - Board is not supported: STEVAL-MKBOXPRO
2024-07-08 11:41:13,047 [INFO] BoardInfo:880 - No configuration file found for board STM32H7S78-DK
2024-07-08 11:41:13,047 [INFO] DbBoards:157 - Board is not supported: STM32H7S78-DK
2024-07-08 11:41:13,076 [INFO] BoardInfo:880 - No configuration file found for board STM32U083C-DK
2024-07-08 11:41:13,076 [INFO] DbBoards:157 - Board is not supported: STM32U083C-DK
2024-07-08 11:41:13,085 [INFO] BoardInfo:880 - No configuration file found for board STM32WBA55G-DK1
2024-07-08 11:41:13,086 [INFO] DbBoards:157 - Board is not supported: STM32WBA55G-DK1
2024-07-08 11:41:13,086 [INFO] DbBoards:161 - Found 195 boards, 183 are supported
2024-07-08 11:41:13,090 [INFO] ApiDb:423 - Load user favorites file C:\Users\e0162112/.stm32cubeide/favorites.boards.txt: 0 item(s)
2024-07-08 11:41:13,090 [INFO] ApiDb:427 - User favorites Boards=[]
2024-07-08 11:41:13,090 [INFO] DbBoards:190 - Set 0 / 0 favorites Boards
2024-07-08 11:41:13,093 [INFO] ApiDb:668 - CubeFinder database Data Model version=2.1
2024-07-08 11:41:13,093 [INFO] ApiDb:669 - CubeFinder database Configuration version=3.0.39
2024-07-08 11:41:13,093 [INFO] ApiDb:670 - CubeFinder database generation date=2024-06-20 (1718880634)
2024-07-08 11:41:13,093 [INFO] ApiDb:671 - CubeFinder database FW Pack versions=[FP-ATR-ASTRA1_V2.0.0, FP-SNS-FLIGHT1_V5.0.2, FP-SNS-MOTENV1_V5.0.0, FP-SNS-MOTENVWB1_V1.4.0, FP-SNS-SMARTAG2_V1.2.0, STM32Cube_FW_C0_V1.2.0, STM32Cube_FW_F4_V1.28.0, STM32Cube_FW_F7_V1.17.2, STM32Cube_FW_G0_V1.6.2, STM32Cube_FW_G4_V1.6.0, STM32Cube_FW_H5_V1.3.0, STM32Cube_FW_H7RS_V1.1.0, STM32Cube_FW_H7_V1.11.2, STM32Cube_FW_L0_V1.12.2, STM32Cube_FW_L5_V1.5.1, STM32Cube_FW_U0_V1.1.0, STM32Cube_FW_U5_V1.6.0, STM32Cube_FW_WB0_V1.0.0, STM32Cube_FW_WBA_V1.4.0, STM32Cube_FW_WB_V1.20.0, STM32Cube_FW_WL_V1.3.0, X-CUBE-ALGOBUILD_V1.4.0, X-CUBE-ALS_V1.0.2, X-CUBE-AZRTOS-F4_V1.1.0, X-CUBE-AZRTOS-F7_V1.1.0, X-CUBE-AZRTOS-G0_V1.1.0, X-CUBE-AZRTOS-G4_V2.0.0, X-CUBE-AZRTOS-H7RS_V1.0.0, X-CUBE-AZRTOS-H7_V3.2.0, X-CUBE-AZRTOS-L4_V2.0.0, X-CUBE-AZRTOS-L5_V1.1.0, X-CUBE-AZRTOS-WB_V2.0.0, X-CUBE-AZRTOS-WL_V2.0.0, X-CUBE-BLE1_V7.0.0, X-CUBE-BLE2_V3.3.0, X-CUBE-BLEMGR_V3.1.0, X-CUBE-EEPRMA1_V5.1.0, X-CUBE-FREERTOS_V1.2.0, X-CUBE-GNSS1_V6.0.0, X-CUBE-MEMS1_V10.0.0, X-CUBE-NFC4_V3.0.0, X-CUBE-NFC7_V1.0.1, X-CUBE-SFXS2LP1_V4.0.0, X-CUBE-SUBG2_V5.0.0, X-CUBE-TOF1_V3.4.1]
2024-07-08 11:41:13,925 [ERROR] DbExamplesSqlite:437 - Missing JSON key: board_cpn
2024-07-08 11:41:13,926 [ERROR] DbExamplesSqlite:437 - Missing JSON key: board_cpn
2024-07-08 11:41:13,926 [ERROR] DbExamplesSqlite:437 - Missing JSON key: board_cpn
2024-07-08 11:41:13,926 [ERROR] DbExamplesSqlite:437 - Missing JSON key: board_cpn
2024-07-08 11:41:14,089 [INFO] DbExamplesSqlite:395 - Ignored 28 examples not supported by CubeIDE
2024-07-08 11:41:14,089 [INFO] DbExamplesSqlite:396 - Found 8590 examples active
2024-07-08 11:41:14,089 [INFO] DbExamplesSqlite:397 - Found 0 examples obsolete
2024-07-08 11:41:14,089 [INFO] DbExamplesSqlite:398 - Found 0 examples under development
2024-07-08 11:41:14,089 [INFO] DbExamplesSqlite:399 - Found 10 examples not building
2024-07-08 11:41:14,091 [INFO] DbExamples:125 - Found 8572 examples
2024-07-08 11:41:14,209 [ERROR] DbExamples:208 - Found 308 examples with invalid data (board or MCU)
2024-07-08 11:41:14,210 [INFO] DbExamples:222 - Found 102 boards with related examples
2024-07-08 11:41:14,212 [INFO] DbExamples:235 - Found 86 MCUs with related examples
2024-07-08 11:41:14,241 [INFO] ApiDb:423 - Load user favorites file C:\Users\e0162112/.stm32cubeide/favorites.examples.txt: 0 item(s)
2024-07-08 11:41:14,241 [INFO] ApiDb:427 - User favorites Examples=[]
2024-07-08 11:41:14,241 [INFO] DbExamples:250 - Set 0 / 0 favorites Examples
2024-07-08 11:41:14,497 [INFO] McuFinderGlobals:76 - Set McuFinderConnectedMode to true
2024-07-08 11:41:14,512 [INFO] MultiScanPanel:200 - Auto-refresh data requested => check proxy status ongoing
2024-07-08 11:41:14,519 [INFO] FinderPluginLoader:95 - Searching for filters in installed packs
2024-07-08 11:41:14,525 [INFO] FinderPluginLoader:108 - Found C:\Users\e0162112\STM32Cube\Repository\Packs\STMicroelectronics\X-CUBE-AI\9.0.0\CubeMX\plugins\ip\ai.9.0.0.jar
2024-07-08 11:41:14,526 [INFO] FinderPluginLoader:118 - Loading ai.9.0.0
2024-07-08 11:41:14,691 [INFO] McuExtendedFiltersManager:95 - Add MCU extended filter: Artificial Intelligence
2024-07-08 11:41:16,001 [INFO] AInterface:112 - AInterface using toolDir: C:/Users/e0162112/STM32Cube/Repository//Packs/STMicroelectronics/X-CUBE-AI/9.0.0/Utilities/windows
2024-07-08 11:41:16,659 [INFO] LoadUrlFilesThread:185 - End of LoadServerUrlFiles without Thread
2024-07-08 11:41:16,699 [INFO] DetailPanel:341 - Set advertising image to C:/Users/e0162112/STM32Cube/Repository/\en.prom-stm32h7rs-mcu-finder.jpg
2024-07-08 11:44:31,381 [INFO] McuFinderGlobals:76 - Set McuFinderConnectedMode to true
2024-07-08 11:44:31,390 [INFO] ApiDb:448 - Save user favorites file C:\Users\e0162112/.stm32cubeide/favorites.mcus.txt: 0 item(s)
2024-07-08 11:44:31,390 [INFO] ApiDb:452 - User favorites MCUs=[]
2024-07-08 11:44:42,884 [INFO] McuFinderGlobals:63 - Set McuFinder mode to 2 (CubeIDE integrated)
2024-07-08 11:44:42,884 [INFO] UserAuth:179 - activating auth plugin
2024-07-08 11:44:42,886 [INFO] UserAuth:393 - Internet connection configuration mode: 1
2024-07-08 11:45:47,945 [ERROR] LogOutputStream:75 - [STDERR_REDIRECT] 
2024-07-08 11:45:57,062 [INFO] Activator:176 - 


2024-07-08 11:45:57,064 [INFO] Activator:177 - !SESSION log4j initialized
2024-07-08 11:46:03,380 [INFO] LogOutputStream:77 - [STDOUT_REDIRECT] 
2024-07-08 11:46:09,024 [INFO] ApplicationProperties:184 - Using Application install path: C:\ST\STM32CubeIDE_1.13.0\STM32CubeIDE\plugins\com.st.stm32cube.common.mx_6.9.0.202307051724
2024-07-08 11:46:09,040 [INFO] DbMcusXml:78 - Set database path to: C:\ST\STM32CubeIDE_1.13.0\STM32CubeIDE\plugins\com.st.stm32cube.common.mx_6.9.0.202307051724\\db\/mcu/
2024-07-08 11:46:09,040 [INFO] ApiDb:274 - Set plugin database path to: C:\ST\STM32CubeIDE_1.13.0\STM32CubeIDE\plugins\com.st.stm32cube.common.mx_6.9.0.202307051724\\db\/plugins/boardmanager/
2024-07-08 11:46:09,041 [WARN] ApiDb:259 - Overriding images path with different value:  => C:\ST\STM32CubeIDE_1.13.0\STM32CubeIDE\plugins\com.st.stm32cube.common.mx_6.9.0.202307051724\\db\/plugins/mcufinder/images/
2024-07-08 11:46:09,051 [INFO] ApiDb:250 - Set database path to: C:\Users\e0162112\.stmcufinder\plugins\mcufinder//mcu/
2024-07-08 11:46:09,053 [INFO] DbMcusAds:125 - Set database path to: C:\Users\e0162112\.stmcufinder\plugins\mcufinder//mcu/
2024-07-08 11:46:09,054 [INFO] CrossReferenceDbSqlite:203 - Set database path to: C:\Users\e0162112\.stmcufinder\plugins\mcufinder//mcu/cs/
2024-07-08 11:46:09,155 [INFO] RulesReader:64 - Compatibility file has been processed (293 Rules)
2024-07-08 11:46:10,570 [INFO] DbMcusXml:78 - Set database path to: C:\ST\STM32CubeIDE_1.13.0\STM32CubeIDE\plugins\com.st.stm32cube.common.mx_6.9.0.202307051724\\db\/mcu/
2024-07-08 11:46:10,570 [INFO] ApiDb:274 - Set plugin database path to: C:\ST\STM32CubeIDE_1.13.0\STM32CubeIDE\plugins\com.st.stm32cube.common.mx_6.9.0.202307051724\\db\/plugins/boardmanager/
2024-07-08 11:46:10,570 [INFO] ApiDb:261 - Set plugin images path to: C:\ST\STM32CubeIDE_1.13.0\STM32CubeIDE\plugins\com.st.stm32cube.common.mx_6.9.0.202307051724\\db\/plugins/mcufinder/images/
2024-07-08 11:46:10,571 [WARN] DbFile:41 - Overriding database path with different value: C:\Users\e0162112\.stmcufinder\plugins\mcufinder/ => C:\Users\e0162112\.stmcufinder\plugins\mcufinder
2024-07-08 11:46:10,571 [INFO] ApiDb:250 - Set database path to: C:\Users\e0162112\.stmcufinder\plugins\mcufinder//mcu/
2024-07-08 11:46:10,571 [WARN] DbFile:41 - Overriding database path with different value: C:\Users\e0162112\.stmcufinder\plugins\mcufinder/ => C:\Users\e0162112\.stmcufinder\plugins\mcufinder
2024-07-08 11:46:10,571 [INFO] DbMcusAds:125 - Set database path to: C:\Users\e0162112\.stmcufinder\plugins\mcufinder//mcu/
2024-07-08 11:46:10,571 [WARN] DbFile:41 - Overriding database path with different value: C:\Users\e0162112\.stmcufinder\plugins\mcufinder/ => C:\Users\e0162112\.stmcufinder\plugins\mcufinder
2024-07-08 11:46:10,571 [WARN] DbFile:41 - Overriding database path with different value: C:\Users\e0162112\.stmcufinder\plugins\mcufinder/ => C:\Users\e0162112\.stmcufinder\plugins\mcufinder
2024-07-08 11:46:10,571 [INFO] CrossReferenceDbSqlite:203 - Set database path to: C:\Users\e0162112\.stmcufinder\plugins\mcufinder//mcu/cs/
2024-07-08 11:46:10,655 [INFO] MainPanel:262 - HeapMemory: 268435456
2024-07-08 11:46:10,727 [INFO] DbMcusXml:78 - Set database path to: C:\ST\STM32CubeIDE_1.13.0\STM32CubeIDE\plugins\com.st.stm32cube.common.mx_6.9.0.202307051724\\db\/mcu/
2024-07-08 11:46:10,727 [INFO] ApiDb:274 - Set plugin database path to: C:\ST\STM32CubeIDE_1.13.0\STM32CubeIDE\plugins\com.st.stm32cube.common.mx_6.9.0.202307051724\\db\/plugins/boardmanager/
2024-07-08 11:46:10,727 [INFO] ApiDb:261 - Set plugin images path to: C:\ST\STM32CubeIDE_1.13.0\STM32CubeIDE\plugins\com.st.stm32cube.common.mx_6.9.0.202307051724\\db\/plugins/mcufinder/images/
2024-07-08 11:46:10,728 [WARN] DbFile:41 - Overriding database path with different value: C:\Users\e0162112\.stmcufinder\plugins\mcufinder/ => C:\Users\e0162112\.stmcufinder\plugins\mcufinder
2024-07-08 11:46:10,728 [INFO] ApiDb:250 - Set database path to: C:\Users\e0162112\.stmcufinder\plugins\mcufinder//mcu/
2024-07-08 11:46:10,728 [WARN] DbFile:41 - Overriding database path with different value: C:\Users\e0162112\.stmcufinder\plugins\mcufinder/ => C:\Users\e0162112\.stmcufinder\plugins\mcufinder
2024-07-08 11:46:10,728 [INFO] DbMcusAds:125 - Set database path to: C:\Users\e0162112\.stmcufinder\plugins\mcufinder//mcu/
2024-07-08 11:46:10,728 [WARN] DbFile:41 - Overriding database path with different value: C:\Users\e0162112\.stmcufinder\plugins\mcufinder/ => C:\Users\e0162112\.stmcufinder\plugins\mcufinder
2024-07-08 11:46:10,728 [WARN] DbFile:41 - Overriding database path with different value: C:\Users\e0162112\.stmcufinder\plugins\mcufinder/ => C:\Users\e0162112\.stmcufinder\plugins\mcufinder
2024-07-08 11:46:10,728 [INFO] CrossReferenceDbSqlite:203 - Set database path to: C:\Users\e0162112\.stmcufinder\plugins\mcufinder//mcu/cs/
2024-07-08 11:46:10,750 [INFO] ApplicationProperties:184 - Using Application install path: C:\ST\STM32CubeIDE_1.13.0\STM32CubeIDE\plugins\com.st.stm32cube.common.mx_6.9.0.202307051724
2024-07-08 11:46:10,751 [INFO] PluginManage:196 - Search for loadable plugins [exclusion list=, ]
2024-07-08 11:46:10,752 [INFO] PluginManage:310 - Check plugin analytics
2024-07-08 11:46:15,459 [INFO] AnalyticsPlugin:253 - Accepted Software Licenses: 
2024-07-08 11:46:15,460 [INFO] AnalyticsPlugin:255 - Accepted CMSIS Pack Licenses: STMicroelectronics.X-CUBE-AI.9.0.0
2024-07-08 11:46:15,460 [INFO] AnalyticsPlugin:257 - Accepted Firmware Licenses: 
2024-07-08 11:46:15,464 [INFO] PluginManage:359 - Loaded plugin analytics (category:tool,tabindex:-1)
2024-07-08 11:46:15,465 [INFO] PluginManage:310 - Check plugin cadmodel
2024-07-08 11:46:15,470 [INFO] CADModel:105 - Init CAD model plugin
2024-07-08 11:46:15,470 [INFO] PluginManage:359 - Loaded plugin cadmodel (category:power,tabindex:5)
2024-07-08 11:46:15,470 [INFO] PluginManage:310 - Check plugin clock
2024-07-08 11:46:15,479 [INFO] PluginManage:359 - Loaded plugin clock (category:base,tabindex:2)
2024-07-08 11:46:15,479 [INFO] PluginManage:310 - Check plugin ddr
2024-07-08 11:46:15,481 [INFO] PluginManage:359 - Loaded plugin ddr (category:tool,tabindex:6)
2024-07-08 11:46:15,481 [INFO] PluginManage:310 - Check plugin filemanager
2024-07-08 11:46:15,614 [INFO] PluginManage:359 - Loaded plugin filemanager (category:base,tabindex:10)
2024-07-08 11:46:15,614 [INFO] PluginManage:310 - Check plugin ipmanager
2024-07-08 11:46:15,625 [INFO] PluginManage:359 - Loaded plugin ipmanager (category:base,tabindex:5)
2024-07-08 11:46:15,625 [INFO] PluginManage:310 - Check plugin lpbam
2024-07-08 11:46:15,635 [INFO] PluginManage:359 - Loaded plugin lpbam (category:base,tabindex:0)
2024-07-08 11:46:15,635 [INFO] PluginManage:310 - Check plugin memorymap
2024-07-08 11:46:15,647 [INFO] PluginManage:359 - Loaded plugin memorymap (category:base,tabindex:4)
2024-07-08 11:46:15,647 [INFO] PluginManage:310 - Check plugin pinoutandconfiguration
2024-07-08 11:46:15,653 [INFO] PluginManage:359 - Loaded plugin pinoutandconfiguration (category:base,tabindex:1)
2024-07-08 11:46:15,653 [INFO] PluginManage:310 - Check plugin pinoutconfig
2024-07-08 11:46:15,733 [WARN] SupportedApi:132 - Cannot load RTOS API schema: s4s-elt-must-match.1: The content of 'definitions' must match (annotation?, (simpleType | complexType)?, (unique | key | keyref)*)). A problem was found starting at: attribute.
2024-07-08 11:46:15,875 [INFO] PluginManage:359 - Loaded plugin pinoutconfig (category:base,tabindex:0)
2024-07-08 11:46:15,875 [INFO] PluginManage:310 - Check plugin power
2024-07-08 11:46:15,887 [INFO] PluginManage:359 - Loaded plugin power (category:power,tabindex:4)
2024-07-08 11:46:15,887 [INFO] PluginManage:310 - Check plugin projectmanager
2024-07-08 11:46:15,904 [INFO] PluginManage:359 - Loaded plugin projectmanager (category:projectmanager,tabindex:3)
2024-07-08 11:46:15,904 [INFO] PluginManage:310 - Check plugin thirdparty
2024-07-08 11:46:16,055 [INFO] PluginManage:359 - Loaded plugin thirdparty (category:base,tabindex:-1)
2024-07-08 11:46:16,055 [INFO] PluginManage:310 - Check plugin tools
2024-07-08 11:46:16,055 [WARN] IntegrityCheckThread:84 - waiting for thirdparty lock release [integrity check]
2024-07-08 11:46:16,055 [INFO] IntegrityCheckThread:86 - entering critical section [integrity check]
2024-07-08 11:46:16,056 [INFO] ThirdPartyUpdaterWithRetryManager:70 - Updater plugin not ready yet. [1/15]
2024-07-08 11:46:16,058 [INFO] PluginManage:359 - Loaded plugin tools (category:base,tabindex:7)
2024-07-08 11:46:16,058 [INFO] PluginManage:310 - Check plugin tutovideos
2024-07-08 11:46:16,232 [INFO] PluginManage:359 - Loaded plugin tutovideos (category:base,tabindex:-1)
2024-07-08 11:46:16,232 [INFO] PluginManage:310 - Check plugin updater
2024-07-08 11:46:16,240 [INFO] PluginManage:359 - Loaded plugin updater (category:base,tabindex:12)
2024-07-08 11:46:16,240 [INFO] PluginManage:310 - Check plugin userauth
2024-07-08 11:46:16,247 [INFO] UserAuth:113 - Init User Auth plugin
2024-07-08 11:46:16,247 [INFO] PluginManage:359 - Loaded plugin userauth (category:base,tabindex:14)
2024-07-08 11:46:16,248 [INFO] PluginManage:283 - PluginManage : Loaded plugins [17]
2024-07-08 11:46:16,505 [INFO] PinOutPanel:1499 - setPackage(No Configuration,No Configuration)
2024-07-08 11:46:16,672 [INFO] CADModel:165 - CPN selected for project level
2024-07-08 11:46:16,672 [INFO] CADModel:114 - Register for checkConnection events
2024-07-08 11:46:16,688 [INFO] IPUIPlugin:80 - create IPUIPlugin
2024-07-08 11:46:16,689 [INFO] PluginManager:220 - loadIPPluginJar : add adc
2024-07-08 11:46:16,691 [INFO] IPUIPlugin:80 - create IPUIPlugin
2024-07-08 11:46:16,691 [INFO] PluginManager:220 - loadIPPluginJar : add aes
2024-07-08 11:46:16,695 [INFO] IPUIPlugin:80 - create IPUIPlugin
2024-07-08 11:46:16,696 [INFO] PluginManager:220 - loadIPPluginJar : add can
2024-07-08 11:46:16,699 [INFO] IPUIPlugin:80 - create IPUIPlugin
2024-07-08 11:46:16,699 [INFO] PluginManager:220 - loadIPPluginJar : add comp
2024-07-08 11:46:16,700 [INFO] IPUIPlugin:80 - create IPUIPlugin
2024-07-08 11:46:16,702 [INFO] PluginManager:220 - loadIPPluginJar : add cryp
2024-07-08 11:46:16,704 [INFO] IPUIPlugin:80 - create IPUIPlugin
2024-07-08 11:46:16,704 [INFO] PluginManager:220 - loadIPPluginJar : add dfsdm
2024-07-08 11:46:16,709 [INFO] IPUIPlugin:80 - create IPUIPlugin
2024-07-08 11:46:16,710 [INFO] PluginManager:220 - loadIPPluginJar : add dma
2024-07-08 11:46:16,714 [INFO] IPUIPlugin:80 - create IPUIPlugin
2024-07-08 11:46:16,714 [INFO] PluginManager:220 - loadIPPluginJar : add dma3
2024-07-08 11:46:16,716 [INFO] IPUIPlugin:80 - create IPUIPlugin
2024-07-08 11:46:16,716 [INFO] PluginManager:220 - loadIPPluginJar : add fatfs
2024-07-08 11:46:16,721 [INFO] IPUIPlugin:80 - create IPUIPlugin
2024-07-08 11:46:16,721 [INFO] PluginManager:220 - loadIPPluginJar : add fmc
2024-07-08 11:46:16,726 [INFO] IPUIPlugin:80 - create IPUIPlugin
2024-07-08 11:46:16,726 [INFO] PluginManager:220 - loadIPPluginJar : add freertos
2024-07-08 11:46:16,729 [INFO] IPUIPlugin:80 - create IPUIPlugin
2024-07-08 11:46:16,729 [INFO] PluginManager:220 - loadIPPluginJar : add genericplugin
2024-07-08 11:46:16,732 [INFO] IPUIPlugin:80 - create IPUIPlugin
2024-07-08 11:46:16,732 [INFO] PluginManager:220 - loadIPPluginJar : add gfxmmu
2024-07-08 11:46:16,737 [INFO] IPUIPlugin:80 - create IPUIPlugin
2024-07-08 11:46:16,737 [INFO] PluginManager:220 - loadIPPluginJar : add gic
2024-07-08 11:46:16,742 [INFO] IPUIPlugin:80 - create IPUIPlugin
2024-07-08 11:46:16,742 [INFO] PluginManager:220 - loadIPPluginJar : add gpio
2024-07-08 11:46:16,747 [INFO] IPUIPlugin:80 - create IPUIPlugin
2024-07-08 11:46:16,747 [INFO] PluginManager:220 - loadIPPluginJar : add gtzc
2024-07-08 11:46:16,749 [INFO] IPUIPlugin:80 - create IPUIPlugin
2024-07-08 11:46:16,749 [INFO] PluginManager:220 - loadIPPluginJar : add hash
2024-07-08 11:46:16,752 [INFO] IPUIPlugin:80 - create IPUIPlugin
2024-07-08 11:46:16,752 [INFO] PluginManager:220 - loadIPPluginJar : add i2c
2024-07-08 11:46:16,754 [INFO] IPUIPlugin:80 - create IPUIPlugin
2024-07-08 11:46:16,755 [INFO] PluginManager:220 - loadIPPluginJar : add i2s
2024-07-08 11:46:16,757 [INFO] IPUIPlugin:80 - create IPUIPlugin
2024-07-08 11:46:16,758 [INFO] PluginManager:220 - loadIPPluginJar : add i3c
2024-07-08 11:46:16,764 [INFO] IPUIPlugin:80 - create IPUIPlugin
2024-07-08 11:46:16,764 [INFO] PluginManager:220 - loadIPPluginJar : add ipddr
2024-07-08 11:46:16,773 [INFO] IPUIPlugin:80 - create IPUIPlugin
2024-07-08 11:46:16,773 [INFO] PluginManager:220 - loadIPPluginJar : add linkedlist
2024-07-08 11:46:16,778 [INFO] IPUIPlugin:80 - create IPUIPlugin
2024-07-08 11:46:16,779 [INFO] PluginManager:220 - loadIPPluginJar : add lorawan
2024-07-08 11:46:16,782 [INFO] IPUIPlugin:80 - create IPUIPlugin
2024-07-08 11:46:16,782 [INFO] PluginManager:220 - loadIPPluginJar : add ltdc
2024-07-08 11:46:16,789 [INFO] IPUIPlugin:80 - create IPUIPlugin
2024-07-08 11:46:16,789 [INFO] PluginManager:220 - loadIPPluginJar : add mdma
2024-07-08 11:46:16,793 [INFO] IPUIPlugin:80 - create IPUIPlugin
2024-07-08 11:46:16,793 [INFO] PluginManager:220 - loadIPPluginJar : add nvic
2024-07-08 11:46:16,798 [INFO] IPUIPlugin:80 - create IPUIPlugin
2024-07-08 11:46:16,798 [INFO] PluginManager:220 - loadIPPluginJar : add opamp
2024-07-08 11:46:16,801 [INFO] IPUIPlugin:80 - create IPUIPlugin
2024-07-08 11:46:16,802 [INFO] PluginManager:220 - loadIPPluginJar : add openamp
2024-07-08 11:46:16,804 [INFO] IPUIPlugin:80 - create IPUIPlugin
2024-07-08 11:46:16,805 [INFO] PluginManager:220 - loadIPPluginJar : add pdm2pcm
2024-07-08 11:46:16,812 [INFO] IPUIPlugin:80 - create IPUIPlugin
2024-07-08 11:46:16,815 [INFO] PluginManager:220 - loadIPPluginJar : add plateformsettings
2024-07-08 11:46:16,817 [INFO] IPUIPlugin:80 - create IPUIPlugin
2024-07-08 11:46:16,817 [INFO] PluginManager:220 - loadIPPluginJar : add quadspi
2024-07-08 11:46:16,822 [INFO] IPUIPlugin:80 - create IPUIPlugin
2024-07-08 11:46:16,822 [INFO] PluginManager:220 - loadIPPluginJar : add resmgrutility
2024-07-08 11:46:16,825 [INFO] IPUIPlugin:80 - create IPUIPlugin
2024-07-08 11:46:16,825 [INFO] PluginManager:220 - loadIPPluginJar : add sai
2024-07-08 11:46:16,828 [INFO] IPUIPlugin:80 - create IPUIPlugin
2024-07-08 11:46:16,828 [INFO] PluginManager:220 - loadIPPluginJar : add spi
2024-07-08 11:46:16,834 [INFO] IPUIPlugin:80 - create IPUIPlugin
2024-07-08 11:46:16,834 [INFO] PluginManager:220 - loadIPPluginJar : add stm32_wpan
2024-07-08 11:46:16,835 [INFO] IPUIPlugin:80 - create IPUIPlugin
2024-07-08 11:46:16,836 [INFO] PluginManager:220 - loadIPPluginJar : add tim
2024-07-08 11:46:16,838 [INFO] IPUIPlugin:80 - create IPUIPlugin
2024-07-08 11:46:16,838 [INFO] PluginManager:220 - loadIPPluginJar : add touchsensing
2024-07-08 11:46:16,842 [INFO] IPUIPlugin:80 - create IPUIPlugin
2024-07-08 11:46:16,842 [INFO] PluginManager:220 - loadIPPluginJar : add tracer_emb
2024-07-08 11:46:16,847 [INFO] IPUIPlugin:80 - create IPUIPlugin
2024-07-08 11:46:16,847 [INFO] PluginManager:220 - loadIPPluginJar : add ts
2024-07-08 11:46:16,849 [INFO] IPUIPlugin:80 - create IPUIPlugin
2024-07-08 11:46:16,849 [INFO] PluginManager:220 - loadIPPluginJar : add tsc
2024-07-08 11:46:16,851 [INFO] IPUIPlugin:80 - create IPUIPlugin
2024-07-08 11:46:16,851 [INFO] PluginManager:220 - loadIPPluginJar : add ucpd
2024-07-08 11:46:16,854 [INFO] IPUIPlugin:80 - create IPUIPlugin
2024-07-08 11:46:16,854 [INFO] PluginManager:220 - loadIPPluginJar : add usart
2024-07-08 11:46:16,856 [INFO] IPUIPlugin:80 - create IPUIPlugin
2024-07-08 11:46:16,856 [INFO] PluginManager:220 - loadIPPluginJar : add usbx
2024-07-08 11:46:16,993 [INFO] CADModel:165 - CPN selected for project level
2024-07-08 11:46:16,993 [INFO] CADModel:114 - Register for checkConnection events
2024-07-08 11:46:16,993 [FATAL] Updater:308 - Updater called before beeing initialized
2024-07-08 11:46:16,993 [ERROR] CADModel:125 - Updater not yet initialized, retry later 
2024-07-08 11:46:17,118 [INFO] CADModel:165 - CPN selected for project level
2024-07-08 11:46:17,118 [INFO] CADModel:114 - Register for checkConnection events
2024-07-08 11:46:17,118 [FATAL] Updater:308 - Updater called before beeing initialized
2024-07-08 11:46:17,118 [ERROR] CADModel:125 - Updater not yet initialized, retry later 
2024-07-08 11:46:17,121 [FATAL] Updater:308 - Updater called before beeing initialized
2024-07-08 11:46:17,248 [FATAL] Updater:308 - Updater called before beeing initialized
2024-07-08 11:46:17,253 [INFO] DbMcusAds:53 - JSON generation date=Thu May 16 11:22:00 EET 2024 (1715851320667)
2024-07-08 11:46:17,253 [FATAL] Updater:308 - Updater called before beeing initialized
2024-07-08 11:46:17,292 [WARN] DetailPanel:346 - Failed to get advertising image, set to default
2024-07-08 11:46:17,404 [FATAL] Updater:308 - Updater called before beeing initialized
2024-07-08 11:46:17,406 [FATAL] Updater:308 - Updater called before beeing initialized
2024-07-08 11:46:17,406 [FATAL] Updater:308 - Updater called before beeing initialized
2024-07-08 11:46:17,406 [WARN] DetailPanel:346 - Failed to get advertising image, set to default
2024-07-08 11:46:17,407 [FATAL] Updater:308 - Updater called before beeing initialized
2024-07-08 11:46:17,444 [ERROR] Updater:1120 - MainUpdater not yet initialized. External WinMGr cannot be set.
2024-07-08 11:46:17,447 [INFO] Updater:1056 - Updater Version found : 6.9.0
2024-07-08 11:46:17,466 [INFO] ApplicationProperties:184 - Using Application install path: C:\ST\STM32CubeIDE_1.13.0\STM32CubeIDE\plugins\com.st.stm32cube.common.mx_6.9.0.202307051724
2024-07-08 11:46:17,861 [INFO] MainUpdater:2868 - connection check result : 10
2024-07-08 11:46:17,862 [INFO] MainUpdater:285 - Updater Check For Update Now.
2024-07-08 11:46:17,862 [INFO] MicroXplorer:498 - Change Database Version : DB.6.0.90
2024-07-08 11:46:17,867 [INFO] McuFinderGlobals:63 - Set McuFinder mode to 2 (CubeIDE integrated)
2024-07-08 11:46:17,867 [INFO] UserAuth:179 - activating auth plugin
2024-07-08 11:46:17,869 [INFO] UserAuth:393 - Internet connection configuration mode: 1
2024-07-08 11:46:17,886 [INFO] JxBrowserEngine:151 - Initiate JxBrowser Engine with user profile folder
2024-07-08 11:46:18,041 [INFO] CheckServerUpdateThread:120 - End of CheckServer Thread
2024-07-08 11:46:18,874 [INFO] WebApp:157 - Instantiating new browser for Auth
2024-07-08 11:46:19,523 [WARN] PackLoader:240 - Cannot read IP mode file for STMicroelectronics.FP-SNS-MOTENVWB1.1.4.0
2024-07-08 11:46:19,538 [WARN] PackLoader:240 - Cannot read IP mode file for STMicroelectronics.X-CUBE-SMBUS.2.1.0
2024-07-08 11:46:19,548 [WARN] PackLoader:240 - Cannot read IP mode file for STMicroelectronics.X-CUBE-TOUCHGFX.4.23.2
2024-07-08 11:46:19,589 [WARN] PackLoader:240 - Cannot read IP mode file for STMicroelectronics.X-CUBE-AZRTOS-F7.1.1.0
2024-07-08 11:46:19,611 [WARN] PackLoader:240 - Cannot read IP mode file for STMicroelectronics.FP-SNS-MOTENV1.4.3.2
2024-07-08 11:46:19,636 [WARN] PackLoader:240 - Cannot read IP mode file for STMicroelectronics.X-CUBE-BLE1.6.2.4
2024-07-08 11:46:19,658 [WARN] PackLoader:240 - Cannot read IP mode file for STMicroelectronics.FP-SNS-FLIGHT1.5.0.2
2024-07-08 11:46:19,679 [WARN] PackLoader:240 - Cannot read IP mode file for STMicroelectronics.X-CUBE-DISPLAY.3.0.0
2024-07-08 11:46:19,699 [WARN] PackLoader:240 - Cannot read IP mode file for STMicroelectronics.X-CUBE-BLE1.7.0.0
2024-07-08 11:46:19,721 [WARN] PackLoader:240 - Cannot read IP mode file for emotas.I-CUBE-CANOPEN.1.3.0
2024-07-08 11:46:19,731 [WARN] PackLoader:240 - Cannot read IP mode file for STMicroelectronics.X-CUBE-TOUCHGFX.4.22.0
2024-07-08 11:46:19,739 [WARN] PackLoader:240 - Cannot read IP mode file for STMicroelectronics.X-CUBE-TOUCHGFX.4.22.1
2024-07-08 11:46:19,749 [INFO] WebApp:753 - Register for checkConnection events
2024-07-08 11:46:19,749 [INFO] WebApp:390 - Apply proxy settings
2024-07-08 11:46:19,750 [INFO] WebApp:475 - Chromium requires no authentication
2024-07-08 11:46:19,763 [INFO] WebApp:418 - Direct internet connection detected
2024-07-08 11:46:19,784 [WARN] PackLoader:240 - Cannot read IP mode file for STMicroelectronics.X-CUBE-BLEMGR.3.1.0
2024-07-08 11:46:19,802 [WARN] PackLoader:240 - Cannot read IP mode file for STMicroelectronics.FP-SNS-SMARTAG2.1.2.0
2024-07-08 11:46:19,824 [INFO] LogOutputStream:77 - [STDOUT_REDIRECT] 1 : Invalid condition id : UX_CORESTACK_Condition cause : null
2024-07-08 11:46:19,825 [INFO] LogOutputStream:77 - [STDOUT_REDIRECT] 1 : Invalid condition id : UX_CORESTACK_Condition cause : null
2024-07-08 11:46:19,826 [INFO] LogOutputStream:77 - [STDOUT_REDIRECT] 1 : Invalid condition id : UX_CORESTACK_Condition cause : null
2024-07-08 11:46:19,828 [INFO] LogOutputStream:77 - [STDOUT_REDIRECT] 1 : Invalid condition id : UX_CORESTACK_Condition cause : null
2024-07-08 11:46:19,830 [INFO] LogOutputStream:77 - [STDOUT_REDIRECT] 1 : Invalid condition id : UX_CORESTACK_Condition cause : null
2024-07-08 11:46:19,836 [WARN] PackLoader:240 - Cannot read IP mode file for STMicroelectronics.X-CUBE-AZRTOS-WL.2.0.0
2024-07-08 11:46:19,848 [WARN] PackLoader:240 - Cannot read IP mode file for STMicroelectronics.FP-SNS-MOTENV1.5.0.0
2024-07-08 11:46:19,867 [WARN] PackLoader:240 - Cannot read IP mode file for wolfSSL.I-CUBE-wolfMQTT.1.19.0
2024-07-08 11:46:19,895 [WARN] PackLoader:240 - Cannot read IP mode file for WES.I-CUBE-Cesium.1.3.0
2024-07-08 11:46:19,935 [WARN] PackLoader:240 - Cannot read IP mode file for STMicroelectronics.X-CUBE-BLE2.3.3.0
2024-07-08 11:46:19,949 [WARN] PackLoader:240 - Cannot read IP mode file for STMicroelectronics.X-CUBE-TCPP.4.1.0
2024-07-08 11:46:19,967 [WARN] PackLoader:240 - Cannot read IP mode file for STMicroelectronics.X-CUBE-ALGOBUILD.1.3.0
2024-07-08 11:46:20,024 [WARN] PackLoader:240 - Cannot read IP mode file for STMicroelectronics.X-CUBE-AZRTOS-G0.1.1.0
2024-07-08 11:46:20,100 [WARN] PackLoader:240 - Cannot read IP mode file for STMicroelectronics.X-CUBE-SAFEA1.1.2.2
2024-07-08 11:46:20,117 [WARN] PackLoader:240 - Cannot read IP mode file for STMicroelectronics.X-CUBE-NFC4.3.0.0
2024-07-08 11:46:20,126 [WARN] PackLoader:240 - Cannot read IP mode file for wolfSSL.I-CUBE-wolfMQTT.1.18.0
2024-07-08 11:46:20,133 [ERROR] Engine:466 - C:\Users\e0162112\.stm32cubemx\thirdparties\pdsc\EmbeddedOffice.I-CUBE-FS-RTOS.1.0.1.pdsc: PDSC version is not supported
2024-07-08 11:46:20,139 [INFO] WebApp:188 - Starting web application
2024-07-08 11:46:20,139 [INFO] WebApp:520 - Web application path used C:\ST\STM32CubeIDE_1.13.0\STM32CubeIDE\plugins\com.st.stm32cube.common.mx_6.9.0.202307051724\db\plugins\mcufinder\reactClient1\index.html
2024-07-08 11:46:20,150 [WARN] PackLoader:240 - Cannot read IP mode file for STMicroelectronics.X-CUBE-BLEMGR.3.0.0
2024-07-08 11:46:20,157 [ERROR] Engine:466 - C:\Users\e0162112\.stm32cubemx\thirdparties\pdsc\RealThread.X-CUBE-RT-Thread_Nano.4.1.1.pdsc: PDSC version is not supported
2024-07-08 11:46:20,171 [WARN] PackLoader:240 - Cannot read IP mode file for wolfSSL.I-CUBE-wolfSSL.5.7.0
2024-07-08 11:46:20,188 [WARN] PackLoader:240 - Cannot read IP mode file for STMicroelectronics.FP-ATR-SIGFOX1.3.2.0
2024-07-08 11:46:20,208 [WARN] PackLoader:240 - Cannot read IP mode file for STMicroelectronics.X-CUBE-EEPRMA1.5.1.0
2024-07-08 11:46:20,229 [WARN] PackLoader:240 - Cannot read IP mode file for ITTIA_DB.I-CUBE-ITTIADB.8.9.0
2024-07-08 11:46:20,284 [WARN] PackLoader:240 - Cannot read IP mode file for SEGGER.I-CUBE-embOS.1.3.1
2024-07-08 11:46:20,361 [WARN] PackLoader:240 - Cannot read IP mode file for STMicroelectronics.X-CUBE-ALGOBUILD.1.4.0
2024-07-08 11:46:20,377 [WARN] PackLoader:240 - Cannot read IP mode file for STMicroelectronics.X-CUBE-GNSS1.6.0.0
2024-07-08 11:46:20,423 [WARN] PackLoader:240 - Cannot read IP mode file for STMicroelectronics.X-CUBE-AZRTOS-F4.1.1.0
2024-07-08 11:46:20,441 [WARN] PackLoader:240 - Cannot read IP mode file for wolfSSL.I-CUBE-wolfSSL.5.6.3
2024-07-08 11:46:20,464 [WARN] PackLoader:240 - Cannot read IP mode file for STMicroelectronics.X-CUBE-FREERTOS.1.2.0
2024-07-08 11:46:20,499 [WARN] PackLoader:240 - Cannot read IP mode file for STMicroelectronics.X-CUBE-AZRTOS-L5.2.0.0
2024-07-08 11:46:20,614 [WARN] PackLoader:240 - Cannot read IP mode file for STMicroelectronics.X-CUBE-MEMS1.9.6.0
2024-07-08 11:46:20,845 [WARN] PackLoader:240 - Cannot read IP mode file for STMicroelectronics.X-CUBE-EEPRMA1.4.2.0
2024-07-08 11:46:20,863 [WARN] PackLoader:240 - Cannot read IP mode file for STMicroelectronics.X-CUBE-NFC6.3.1.0
2024-07-08 11:46:20,874 [WARN] PackLoader:240 - Cannot read IP mode file for ITTIA_DB.I-CUBE-ITTIADB.8.8.0
2024-07-08 11:46:20,888 [WARN] PackLoader:240 - Cannot read IP mode file for STMicroelectronics.X-CUBE-BLEMGR.2.0.0
2024-07-08 11:46:20,897 [ERROR] Engine:466 - C:\Users\e0162112\.stm32cubemx\thirdparties\pdsc\STMicroelectronics.X-CUBE-DPower.1.2.0.pdsc: PDSC version is not supported
2024-07-08 11:46:20,912 [WARN] PackLoader:240 - Cannot read IP mode file for STMicroelectronics.X-CUBE-AI.9.0.0
2024-07-08 11:46:21,082 [WARN] ConditionMgr:438 - getConditionDescription Invalid condition id : UX DEVICE CLASS RTOS Condition cause : null
2024-07-08 11:46:21,082 [WARN] ConditionMgr:438 - getConditionDescription Invalid condition id : UX DEVICE CLASS RTOS Condition cause : null
2024-07-08 11:46:21,088 [WARN] PackLoader:240 - Cannot read IP mode file for STMicroelectronics.X-CUBE-AZRTOS-H7.3.1.0
2024-07-08 11:46:21,089 [WARN] ConditionMgr:1039 - genDependencies : Invalid condition id : UX DEVICE CLASS RTOS Condition cause : null
2024-07-08 11:46:21,090 [WARN] ConditionMgr:1039 - genDependencies : Invalid condition id : UX DEVICE CLASS RTOS Condition cause : null
2024-07-08 11:46:21,091 [WARN] ConditionMgr:1039 - genDependencies : Invalid condition id : UX DEVICE CLASS RTOS Condition cause : null
2024-07-08 11:46:21,091 [WARN] ConditionMgr:1039 - genDependencies : Invalid condition id : UX DEVICE CLASS RTOS Condition cause : null
2024-07-08 11:46:21,091 [WARN] ConditionMgr:1039 - genDependencies : Invalid condition id : UX DEVICE CLASS RTOS Condition cause : null
2024-07-08 11:46:21,109 [WARN] PackLoader:240 - Cannot read IP mode file for STMicroelectronics.X-CUBE-NFC7.1.0.1
2024-07-08 11:46:21,123 [WARN] PackLoader:240 - Cannot read IP mode file for wolfSSL.I-CUBE-wolfTPM.3.2.0
2024-07-08 11:46:21,136 [WARN] PackLoader:240 - Cannot read IP mode file for STMicroelectronics.X-CUBE-NFC6.3.0.0
2024-07-08 11:46:21,150 [WARN] PackLoader:240 - Cannot read IP mode file for STMicroelectronics.X-CUBE-EEPRMA1.4.1.0
2024-07-08 11:46:21,158 [WARN] PackLoader:240 - Cannot read IP mode file for STMicroelectronics.X-CUBE-AI.8.1.0
2024-07-08 11:46:21,221 [WARN] ConditionMgr:438 - getConditionDescription Invalid condition id : LAN8742 Phy interface Condition cause : null
2024-07-08 11:46:21,223 [WARN] PackLoader:240 - Cannot read IP mode file for STMicroelectronics.X-CUBE-AZRTOS-L4.2.0.0
2024-07-08 11:46:21,224 [WARN] ConditionMgr:1039 - genDependencies : Invalid condition id : LAN8742 Phy interface Condition cause : null
2024-07-08 11:46:21,225 [WARN] ConditionMgr:1039 - genDependencies : Invalid condition id : LAN8742 Phy interface Condition cause : null
2024-07-08 11:46:21,226 [WARN] ConditionMgr:1039 - genDependencies : Invalid condition id : LAN8742 Phy interface Condition cause : null
2024-07-08 11:46:21,245 [WARN] PackLoader:240 - Cannot read IP mode file for STMicroelectronics.X-CUBE-SFXS2LP1.4.0.0
2024-07-08 11:46:21,259 [WARN] PackLoader:240 - Cannot read IP mode file for STMicroelectronics.X-CUBE-ISPU.1.1.0
2024-07-08 11:46:21,283 [WARN] ConditionMgr:438 - getConditionDescription Invalid condition id : UX DEVICE CLASS RTOS Condition cause : null
2024-07-08 11:46:21,283 [WARN] ConditionMgr:438 - getConditionDescription Invalid condition id : UX DEVICE CLASS RTOS Condition cause : null
2024-07-08 11:46:21,285 [WARN] PackLoader:240 - Cannot read IP mode file for STMicroelectronics.X-CUBE-AZRTOS-WB.2.0.0
2024-07-08 11:46:21,286 [WARN] ConditionMgr:1039 - genDependencies : Invalid condition id : UX DEVICE CLASS RTOS Condition cause : null
2024-07-08 11:46:21,286 [WARN] ConditionMgr:1039 - genDependencies : Invalid condition id : UX DEVICE CLASS RTOS Condition cause : null
2024-07-08 11:46:21,286 [WARN] ConditionMgr:1039 - genDependencies : Invalid condition id : UX DEVICE CLASS RTOS Condition cause : null
2024-07-08 11:46:21,287 [WARN] ConditionMgr:1039 - genDependencies : Invalid condition id : UX DEVICE CLASS RTOS Condition cause : null
2024-07-08 11:46:21,287 [WARN] ConditionMgr:1039 - genDependencies : Invalid condition id : UX DEVICE CLASS RTOS Condition cause : null
2024-07-08 11:46:21,296 [WARN] PackLoader:240 - Cannot read IP mode file for STMicroelectronics.X-CUBE-FREERTOS.1.0.1
2024-07-08 11:46:21,319 [WARN] PackLoader:240 - Cannot read IP mode file for STMicroelectronics.X-CUBE-AZRTOS-L5.1.1.0
2024-07-08 11:46:21,328 [WARN] PackLoader:240 - Cannot read IP mode file for STMicroelectronics.X-CUBE-AI.8.0.1
2024-07-08 11:46:21,347 [WARN] PackLoader:240 - Cannot read IP mode file for STMicroelectronics.X-CUBE-SUBG2.5.0.0
2024-07-08 11:46:21,367 [WARN] PackLoader:240 - Cannot read IP mode file for Cesanta.I-CUBE-Mongoose.7.13.0
2024-07-08 11:46:21,383 [WARN] PackLoader:240 - Cannot read IP mode file for STMicroelectronics.X-CUBE-TOF1.3.3.1
2024-07-08 11:46:21,422 [WARN] PackLoader:240 - Cannot read IP mode file for STMicroelectronics.X-CUBE-AZRTOS-G4.2.0.0
2024-07-08 11:46:21,450 [WARN] PackLoader:240 - Cannot read IP mode file for Infineon.AIROC-Wi-Fi-Bluetooth-STM32.1.5.1
2024-07-08 11:46:21,462 [WARN] PackLoader:240 - Cannot read IP mode file for STMicroelectronics.FP-SNS-MOTENVWB1.1.3.0
2024-07-08 11:46:21,470 [WARN] PackLoader:240 - Cannot read IP mode file for STMicroelectronics.X-CUBE-ISPU.2.0.0
2024-07-08 11:46:21,483 [WARN] PackLoader:240 - Cannot read IP mode file for STMicroelectronics.X-CUBE-ALS.1.0.2
2024-07-08 11:46:21,546 [WARN] PackLoader:240 - Cannot read IP mode file for STMicroelectronics.X-CUBE-MEMS1.10.0.0
2024-07-08 11:46:21,740 [WARN] PackLoader:240 - Cannot read IP mode file for STMicroelectronics.X-CUBE-FREERTOS.1.1.0
2024-07-08 11:46:21,747 [WARN] PackLoader:240 - Cannot read IP mode file for STMicroelectronics.X-CUBE-TOUCHGFX.4.24.0
2024-07-08 11:46:21,764 [WARN] PackLoader:240 - Cannot read IP mode file for portGmbH.I-Cube-SoM-uGOAL.1.1.0
2024-07-08 11:46:21,770 [WARN] PackLoader:240 - Cannot read IP mode file for STMicroelectronics.X-CUBE-ALS.1.0.1
2024-07-08 11:46:21,789 [WARN] PackLoader:240 - Cannot read IP mode file for STMicroelectronics.X-CUBE-AZRTOS-WB.1.1.0
2024-07-08 11:46:21,823 [WARN] PackLoader:240 - Cannot read IP mode file for STMicroelectronics.X-CUBE-AZRTOS-H7RS.1.0.0
2024-07-08 11:46:21,838 [WARN] PackLoader:240 - Cannot read IP mode file for STMicroelectronics.FP-ATR-ASTRA1.2.0.0
2024-07-08 11:46:21,853 [WARN] PackLoader:240 - Cannot read IP mode file for STMicroelectronics.X-CUBE-TOF1.3.4.0
2024-07-08 11:46:21,882 [WARN] PackLoader:240 - Cannot read IP mode file for STMicroelectronics.X-CUBE-TOF1.3.4.1
2024-07-08 11:46:21,955 [WARN] PackLoader:240 - Cannot read IP mode file for STMicroelectronics.X-CUBE-AZRTOS-H7.3.2.0
2024-07-08 11:46:21,978 [WARN] PackLoader:240 - Cannot read IP mode file for Infineon.AIROC-Wi-Fi-Bluetooth-STM32.1.6.0
2024-07-08 11:46:21,985 [INFO] ThirdParty:978 - Integrity check success = true
2024-07-08 11:46:21,986 [INFO] IntegrityCheckThread:100 - exiting critical section [integrity check]
2024-07-08 11:46:21,986 [INFO] IntegrityCheckThread:103 - End integrity checks thread
2024-07-08 11:46:40,996 [ERROR] LogOutputStream:75 - [STDERR_REDIRECT] SLF4J: Failed to load class "org.slf4j.impl.StaticLoggerBinder".
2024-07-08 11:46:40,997 [ERROR] LogOutputStream:75 - [STDERR_REDIRECT] SLF4J: Defaulting to no-operation (NOP) logger implementation
2024-07-08 11:46:40,997 [ERROR] LogOutputStream:75 - [STDERR_REDIRECT] SLF4J: See http://www.slf4j.org/codes.html#StaticLoggerBinder for further details.
2024-07-08 11:51:48,311 [INFO] McuFinderGlobals:63 - Set McuFinder mode to 2 (CubeIDE integrated)
2024-07-08 11:51:48,311 [INFO] UserAuth:179 - activating auth plugin
2024-07-08 11:51:48,314 [INFO] UserAuth:393 - Internet connection configuration mode: 1
2024-07-08 11:53:01,033 [INFO] WebApp:588 - userauth.ini deleted or not created
