2024-07-21 19:43:24,004 [INFO] WebApp:330 - JxBrowser engine has been closed 
2024-07-21 21:03:03,862 [INFO] Activator:176 - 


2024-07-21 21:03:03,864 [INFO] Activator:177 - !SESSION log4j initialized
2024-07-21 21:03:08,987 [INFO] LogOutputStream:77 - [STDOUT_REDIRECT] 
2024-07-21 21:03:09,977 [INFO] ApplicationProperties:184 - Using Application install path: C:\ST\STM32CubeIDE_1.13.0\STM32CubeIDE\plugins\com.st.stm32cube.common.mx_6.9.0.202307051724
2024-07-21 21:03:10,001 [INFO] DbMcusXml:78 - Set database path to: C:\ST\STM32CubeIDE_1.13.0\STM32CubeIDE\plugins\com.st.stm32cube.common.mx_6.9.0.202307051724\\db\/mcu/
2024-07-21 21:03:10,001 [INFO] ApiDb:274 - Set plugin database path to: C:\ST\STM32CubeIDE_1.13.0\STM32CubeIDE\plugins\com.st.stm32cube.common.mx_6.9.0.202307051724\\db\/plugins/boardmanager/
2024-07-21 21:03:10,002 [WARN] ApiDb:259 - Overriding images path with different value:  => C:\ST\STM32CubeIDE_1.13.0\STM32CubeIDE\plugins\com.st.stm32cube.common.mx_6.9.0.202307051724\\db\/plugins/mcufinder/images/
2024-07-21 21:03:10,015 [INFO] ApiDb:250 - Set database path to: C:\Users\e0162112\.stmcufinder\plugins\mcufinder//mcu/
2024-07-21 21:03:10,017 [INFO] DbMcusAds:125 - Set database path to: C:\Users\e0162112\.stmcufinder\plugins\mcufinder//mcu/
2024-07-21 21:03:10,019 [INFO] CrossReferenceDbSqlite:203 - Set database path to: C:\Users\e0162112\.stmcufinder\plugins\mcufinder//mcu/cs/
2024-07-21 21:03:10,129 [INFO] RulesReader:64 - Compatibility file has been processed (293 Rules)
2024-07-21 21:03:10,232 [INFO] DbMcusXml:78 - Set database path to: C:\ST\STM32CubeIDE_1.13.0\STM32CubeIDE\plugins\com.st.stm32cube.common.mx_6.9.0.202307051724\\db\/mcu/
2024-07-21 21:03:10,232 [INFO] ApiDb:274 - Set plugin database path to: C:\ST\STM32CubeIDE_1.13.0\STM32CubeIDE\plugins\com.st.stm32cube.common.mx_6.9.0.202307051724\\db\/plugins/boardmanager/
2024-07-21 21:03:10,233 [INFO] ApiDb:261 - Set plugin images path to: C:\ST\STM32CubeIDE_1.13.0\STM32CubeIDE\plugins\com.st.stm32cube.common.mx_6.9.0.202307051724\\db\/plugins/mcufinder/images/
2024-07-21 21:03:10,233 [WARN] DbFile:41 - Overriding database path with different value: C:\Users\e0162112\.stmcufinder\plugins\mcufinder/ => C:\Users\e0162112\.stmcufinder\plugins\mcufinder
2024-07-21 21:03:10,233 [INFO] ApiDb:250 - Set database path to: C:\Users\e0162112\.stmcufinder\plugins\mcufinder//mcu/
2024-07-21 21:03:10,233 [WARN] DbFile:41 - Overriding database path with different value: C:\Users\e0162112\.stmcufinder\plugins\mcufinder/ => C:\Users\e0162112\.stmcufinder\plugins\mcufinder
2024-07-21 21:03:10,234 [INFO] DbMcusAds:125 - Set database path to: C:\Users\e0162112\.stmcufinder\plugins\mcufinder//mcu/
2024-07-21 21:03:10,234 [WARN] DbFile:41 - Overriding database path with different value: C:\Users\e0162112\.stmcufinder\plugins\mcufinder/ => C:\Users\e0162112\.stmcufinder\plugins\mcufinder
2024-07-21 21:03:10,234 [WARN] DbFile:41 - Overriding database path with different value: C:\Users\e0162112\.stmcufinder\plugins\mcufinder/ => C:\Users\e0162112\.stmcufinder\plugins\mcufinder
2024-07-21 21:03:10,234 [INFO] CrossReferenceDbSqlite:203 - Set database path to: C:\Users\e0162112\.stmcufinder\plugins\mcufinder//mcu/cs/
2024-07-21 21:03:10,351 [INFO] MainPanel:262 - HeapMemory: 268435456
2024-07-21 21:03:10,499 [INFO] DbMcusXml:78 - Set database path to: C:\ST\STM32CubeIDE_1.13.0\STM32CubeIDE\plugins\com.st.stm32cube.common.mx_6.9.0.202307051724\\db\/mcu/
2024-07-21 21:03:10,499 [INFO] ApiDb:274 - Set plugin database path to: C:\ST\STM32CubeIDE_1.13.0\STM32CubeIDE\plugins\com.st.stm32cube.common.mx_6.9.0.202307051724\\db\/plugins/boardmanager/
2024-07-21 21:03:10,499 [INFO] ApiDb:261 - Set plugin images path to: C:\ST\STM32CubeIDE_1.13.0\STM32CubeIDE\plugins\com.st.stm32cube.common.mx_6.9.0.202307051724\\db\/plugins/mcufinder/images/
2024-07-21 21:03:10,500 [WARN] DbFile:41 - Overriding database path with different value: C:\Users\e0162112\.stmcufinder\plugins\mcufinder/ => C:\Users\e0162112\.stmcufinder\plugins\mcufinder
2024-07-21 21:03:10,500 [INFO] ApiDb:250 - Set database path to: C:\Users\e0162112\.stmcufinder\plugins\mcufinder//mcu/
2024-07-21 21:03:10,500 [WARN] DbFile:41 - Overriding database path with different value: C:\Users\e0162112\.stmcufinder\plugins\mcufinder/ => C:\Users\e0162112\.stmcufinder\plugins\mcufinder
2024-07-21 21:03:10,500 [INFO] DbMcusAds:125 - Set database path to: C:\Users\e0162112\.stmcufinder\plugins\mcufinder//mcu/
2024-07-21 21:03:10,500 [WARN] DbFile:41 - Overriding database path with different value: C:\Users\e0162112\.stmcufinder\plugins\mcufinder/ => C:\Users\e0162112\.stmcufinder\plugins\mcufinder
2024-07-21 21:03:10,500 [WARN] DbFile:41 - Overriding database path with different value: C:\Users\e0162112\.stmcufinder\plugins\mcufinder/ => C:\Users\e0162112\.stmcufinder\plugins\mcufinder
2024-07-21 21:03:10,500 [INFO] CrossReferenceDbSqlite:203 - Set database path to: C:\Users\e0162112\.stmcufinder\plugins\mcufinder//mcu/cs/
2024-07-21 21:03:10,523 [INFO] ApplicationProperties:184 - Using Application install path: C:\ST\STM32CubeIDE_1.13.0\STM32CubeIDE\plugins\com.st.stm32cube.common.mx_6.9.0.202307051724
2024-07-21 21:03:10,524 [INFO] PluginManage:196 - Search for loadable plugins [exclusion list=, ]
2024-07-21 21:03:10,526 [INFO] PluginManage:310 - Check plugin analytics
2024-07-21 21:03:10,665 [INFO] AnalyticsPlugin:253 - Accepted Software Licenses: 
2024-07-21 21:03:10,666 [INFO] AnalyticsPlugin:255 - Accepted CMSIS Pack Licenses: STMicroelectronics.X-CUBE-AI.9.0.0
2024-07-21 21:03:10,666 [INFO] AnalyticsPlugin:257 - Accepted Firmware Licenses: 
2024-07-21 21:03:10,670 [INFO] PluginManage:359 - Loaded plugin analytics (category:tool,tabindex:-1)
2024-07-21 21:03:10,671 [INFO] PluginManage:310 - Check plugin cadmodel
2024-07-21 21:03:10,687 [INFO] CADModel:105 - Init CAD model plugin
2024-07-21 21:03:10,688 [INFO] PluginManage:359 - Loaded plugin cadmodel (category:power,tabindex:5)
2024-07-21 21:03:10,688 [INFO] PluginManage:310 - Check plugin clock
2024-07-21 21:03:10,704 [INFO] PluginManage:359 - Loaded plugin clock (category:base,tabindex:2)
2024-07-21 21:03:10,704 [INFO] PluginManage:310 - Check plugin ddr
2024-07-21 21:03:10,707 [INFO] PluginManage:359 - Loaded plugin ddr (category:tool,tabindex:6)
2024-07-21 21:03:10,707 [INFO] PluginManage:310 - Check plugin filemanager
2024-07-21 21:03:10,851 [INFO] PluginManage:359 - Loaded plugin filemanager (category:base,tabindex:10)
2024-07-21 21:03:10,851 [INFO] PluginManage:310 - Check plugin ipmanager
2024-07-21 21:03:10,863 [INFO] PluginManage:359 - Loaded plugin ipmanager (category:base,tabindex:5)
2024-07-21 21:03:10,864 [INFO] PluginManage:310 - Check plugin lpbam
2024-07-21 21:03:10,873 [INFO] PluginManage:359 - Loaded plugin lpbam (category:base,tabindex:0)
2024-07-21 21:03:10,873 [INFO] PluginManage:310 - Check plugin memorymap
2024-07-21 21:03:10,889 [INFO] PluginManage:359 - Loaded plugin memorymap (category:base,tabindex:4)
2024-07-21 21:03:10,889 [INFO] PluginManage:310 - Check plugin pinoutandconfiguration
2024-07-21 21:03:10,900 [INFO] PluginManage:359 - Loaded plugin pinoutandconfiguration (category:base,tabindex:1)
2024-07-21 21:03:10,900 [INFO] PluginManage:310 - Check plugin pinoutconfig
2024-07-21 21:03:11,001 [WARN] SupportedApi:132 - Cannot load RTOS API schema: s4s-elt-must-match.1: The content of 'definitions' must match (annotation?, (simpleType | complexType)?, (unique | key | keyref)*)). A problem was found starting at: attribute.
2024-07-21 21:03:11,150 [INFO] PluginManage:359 - Loaded plugin pinoutconfig (category:base,tabindex:0)
2024-07-21 21:03:11,150 [INFO] PluginManage:310 - Check plugin power
2024-07-21 21:03:11,170 [INFO] PluginManage:359 - Loaded plugin power (category:power,tabindex:4)
2024-07-21 21:03:11,171 [INFO] PluginManage:310 - Check plugin projectmanager
2024-07-21 21:03:11,199 [INFO] PluginManage:359 - Loaded plugin projectmanager (category:projectmanager,tabindex:3)
2024-07-21 21:03:11,199 [INFO] PluginManage:310 - Check plugin thirdparty
2024-07-21 21:03:11,351 [INFO] PluginManage:359 - Loaded plugin thirdparty (category:base,tabindex:-1)
2024-07-21 21:03:11,351 [WARN] IntegrityCheckThread:84 - waiting for thirdparty lock release [integrity check]
2024-07-21 21:03:11,352 [INFO] PluginManage:310 - Check plugin tools
2024-07-21 21:03:11,352 [INFO] IntegrityCheckThread:86 - entering critical section [integrity check]
2024-07-21 21:03:11,352 [INFO] ThirdPartyUpdaterWithRetryManager:70 - Updater plugin not ready yet. [1/15]
2024-07-21 21:03:11,354 [INFO] PluginManage:359 - Loaded plugin tools (category:base,tabindex:7)
2024-07-21 21:03:11,355 [INFO] PluginManage:310 - Check plugin tutovideos
2024-07-21 21:03:11,504 [INFO] PluginManage:359 - Loaded plugin tutovideos (category:base,tabindex:-1)
2024-07-21 21:03:11,505 [INFO] PluginManage:310 - Check plugin updater
2024-07-21 21:03:11,516 [INFO] PluginManage:359 - Loaded plugin updater (category:base,tabindex:12)
2024-07-21 21:03:11,516 [INFO] PluginManage:310 - Check plugin userauth
2024-07-21 21:03:11,522 [INFO] UserAuth:113 - Init User Auth plugin
2024-07-21 21:03:11,522 [INFO] PluginManage:359 - Loaded plugin userauth (category:base,tabindex:14)
2024-07-21 21:03:11,522 [INFO] PluginManage:283 - PluginManage : Loaded plugins [17]
2024-07-21 21:03:11,735 [INFO] PinOutPanel:1499 - setPackage(No Configuration,No Configuration)
2024-07-21 21:03:11,867 [INFO] CADModel:165 - CPN selected for project level
2024-07-21 21:03:11,867 [INFO] CADModel:114 - Register for checkConnection events
2024-07-21 21:03:11,886 [INFO] IPUIPlugin:80 - create IPUIPlugin
2024-07-21 21:03:11,886 [INFO] PluginManager:220 - loadIPPluginJar : add adc
2024-07-21 21:03:11,888 [INFO] IPUIPlugin:80 - create IPUIPlugin
2024-07-21 21:03:11,888 [INFO] PluginManager:220 - loadIPPluginJar : add aes
2024-07-21 21:03:11,891 [INFO] IPUIPlugin:80 - create IPUIPlugin
2024-07-21 21:03:11,891 [INFO] PluginManager:220 - loadIPPluginJar : add can
2024-07-21 21:03:11,893 [INFO] IPUIPlugin:80 - create IPUIPlugin
2024-07-21 21:03:11,894 [INFO] PluginManager:220 - loadIPPluginJar : add comp
2024-07-21 21:03:11,896 [INFO] IPUIPlugin:80 - create IPUIPlugin
2024-07-21 21:03:11,896 [INFO] PluginManager:220 - loadIPPluginJar : add cryp
2024-07-21 21:03:11,899 [INFO] IPUIPlugin:80 - create IPUIPlugin
2024-07-21 21:03:11,899 [INFO] PluginManager:220 - loadIPPluginJar : add dfsdm
2024-07-21 21:03:11,904 [INFO] IPUIPlugin:80 - create IPUIPlugin
2024-07-21 21:03:11,905 [INFO] PluginManager:220 - loadIPPluginJar : add dma
2024-07-21 21:03:11,908 [INFO] IPUIPlugin:80 - create IPUIPlugin
2024-07-21 21:03:11,909 [INFO] PluginManager:220 - loadIPPluginJar : add dma3
2024-07-21 21:03:11,911 [INFO] IPUIPlugin:80 - create IPUIPlugin
2024-07-21 21:03:11,911 [INFO] PluginManager:220 - loadIPPluginJar : add fatfs
2024-07-21 21:03:11,916 [INFO] IPUIPlugin:80 - create IPUIPlugin
2024-07-21 21:03:11,916 [INFO] PluginManager:220 - loadIPPluginJar : add fmc
2024-07-21 21:03:11,921 [INFO] IPUIPlugin:80 - create IPUIPlugin
2024-07-21 21:03:11,921 [INFO] PluginManager:220 - loadIPPluginJar : add freertos
2024-07-21 21:03:11,923 [INFO] IPUIPlugin:80 - create IPUIPlugin
2024-07-21 21:03:11,923 [INFO] PluginManager:220 - loadIPPluginJar : add genericplugin
2024-07-21 21:03:11,926 [INFO] IPUIPlugin:80 - create IPUIPlugin
2024-07-21 21:03:11,926 [INFO] PluginManager:220 - loadIPPluginJar : add gfxmmu
2024-07-21 21:03:11,932 [INFO] IPUIPlugin:80 - create IPUIPlugin
2024-07-21 21:03:11,932 [INFO] PluginManager:220 - loadIPPluginJar : add gic
2024-07-21 21:03:11,936 [INFO] IPUIPlugin:80 - create IPUIPlugin
2024-07-21 21:03:11,937 [INFO] PluginManager:220 - loadIPPluginJar : add gpio
2024-07-21 21:03:11,940 [INFO] IPUIPlugin:80 - create IPUIPlugin
2024-07-21 21:03:11,940 [INFO] PluginManager:220 - loadIPPluginJar : add gtzc
2024-07-21 21:03:11,942 [INFO] IPUIPlugin:80 - create IPUIPlugin
2024-07-21 21:03:11,943 [INFO] PluginManager:220 - loadIPPluginJar : add hash
2024-07-21 21:03:11,950 [INFO] IPUIPlugin:80 - create IPUIPlugin
2024-07-21 21:03:11,950 [INFO] PluginManager:220 - loadIPPluginJar : add i2c
2024-07-21 21:03:11,953 [INFO] IPUIPlugin:80 - create IPUIPlugin
2024-07-21 21:03:11,953 [INFO] PluginManager:220 - loadIPPluginJar : add i2s
2024-07-21 21:03:11,956 [INFO] IPUIPlugin:80 - create IPUIPlugin
2024-07-21 21:03:11,956 [INFO] PluginManager:220 - loadIPPluginJar : add i3c
2024-07-21 21:03:11,959 [INFO] IPUIPlugin:80 - create IPUIPlugin
2024-07-21 21:03:11,960 [INFO] PluginManager:220 - loadIPPluginJar : add ipddr
2024-07-21 21:03:11,967 [INFO] IPUIPlugin:80 - create IPUIPlugin
2024-07-21 21:03:11,967 [INFO] PluginManager:220 - loadIPPluginJar : add linkedlist
2024-07-21 21:03:11,970 [INFO] IPUIPlugin:80 - create IPUIPlugin
2024-07-21 21:03:11,970 [INFO] PluginManager:220 - loadIPPluginJar : add lorawan
2024-07-21 21:03:11,972 [INFO] IPUIPlugin:80 - create IPUIPlugin
2024-07-21 21:03:11,972 [INFO] PluginManager:220 - loadIPPluginJar : add ltdc
2024-07-21 21:03:11,977 [INFO] IPUIPlugin:80 - create IPUIPlugin
2024-07-21 21:03:11,978 [INFO] PluginManager:220 - loadIPPluginJar : add mdma
2024-07-21 21:03:11,981 [INFO] IPUIPlugin:80 - create IPUIPlugin
2024-07-21 21:03:11,982 [INFO] PluginManager:220 - loadIPPluginJar : add nvic
2024-07-21 21:03:11,985 [INFO] IPUIPlugin:80 - create IPUIPlugin
2024-07-21 21:03:11,985 [INFO] PluginManager:220 - loadIPPluginJar : add opamp
2024-07-21 21:03:11,989 [INFO] IPUIPlugin:80 - create IPUIPlugin
2024-07-21 21:03:11,990 [INFO] PluginManager:220 - loadIPPluginJar : add openamp
2024-07-21 21:03:11,996 [INFO] IPUIPlugin:80 - create IPUIPlugin
2024-07-21 21:03:11,996 [INFO] PluginManager:220 - loadIPPluginJar : add pdm2pcm
2024-07-21 21:03:12,004 [INFO] IPUIPlugin:80 - create IPUIPlugin
2024-07-21 21:03:12,008 [INFO] PluginManager:220 - loadIPPluginJar : add plateformsettings
2024-07-21 21:03:12,013 [INFO] IPUIPlugin:80 - create IPUIPlugin
2024-07-21 21:03:12,013 [INFO] PluginManager:220 - loadIPPluginJar : add quadspi
2024-07-21 21:03:12,021 [INFO] IPUIPlugin:80 - create IPUIPlugin
2024-07-21 21:03:12,021 [INFO] PluginManager:220 - loadIPPluginJar : add resmgrutility
2024-07-21 21:03:12,028 [INFO] IPUIPlugin:80 - create IPUIPlugin
2024-07-21 21:03:12,028 [INFO] PluginManager:220 - loadIPPluginJar : add sai
2024-07-21 21:03:12,034 [INFO] IPUIPlugin:80 - create IPUIPlugin
2024-07-21 21:03:12,034 [INFO] PluginManager:220 - loadIPPluginJar : add spi
2024-07-21 21:03:12,041 [INFO] IPUIPlugin:80 - create IPUIPlugin
2024-07-21 21:03:12,042 [INFO] PluginManager:220 - loadIPPluginJar : add stm32_wpan
2024-07-21 21:03:12,046 [INFO] IPUIPlugin:80 - create IPUIPlugin
2024-07-21 21:03:12,046 [INFO] PluginManager:220 - loadIPPluginJar : add tim
2024-07-21 21:03:12,051 [INFO] IPUIPlugin:80 - create IPUIPlugin
2024-07-21 21:03:12,051 [INFO] PluginManager:220 - loadIPPluginJar : add touchsensing
2024-07-21 21:03:12,055 [INFO] IPUIPlugin:80 - create IPUIPlugin
2024-07-21 21:03:12,055 [INFO] PluginManager:220 - loadIPPluginJar : add tracer_emb
2024-07-21 21:03:12,060 [INFO] IPUIPlugin:80 - create IPUIPlugin
2024-07-21 21:03:12,060 [INFO] PluginManager:220 - loadIPPluginJar : add ts
2024-07-21 21:03:12,063 [INFO] IPUIPlugin:80 - create IPUIPlugin
2024-07-21 21:03:12,063 [INFO] PluginManager:220 - loadIPPluginJar : add tsc
2024-07-21 21:03:12,066 [INFO] IPUIPlugin:80 - create IPUIPlugin
2024-07-21 21:03:12,067 [INFO] PluginManager:220 - loadIPPluginJar : add ucpd
2024-07-21 21:03:12,072 [INFO] IPUIPlugin:80 - create IPUIPlugin
2024-07-21 21:03:12,072 [INFO] PluginManager:220 - loadIPPluginJar : add usart
2024-07-21 21:03:12,078 [INFO] IPUIPlugin:80 - create IPUIPlugin
2024-07-21 21:03:12,078 [INFO] PluginManager:220 - loadIPPluginJar : add usbx
2024-07-21 21:03:12,221 [INFO] CADModel:165 - CPN selected for project level
2024-07-21 21:03:12,221 [INFO] CADModel:114 - Register for checkConnection events
2024-07-21 21:03:12,221 [FATAL] Updater:308 - Updater called before beeing initialized
2024-07-21 21:03:12,221 [ERROR] CADModel:125 - Updater not yet initialized, retry later 
2024-07-21 21:03:12,360 [INFO] CADModel:165 - CPN selected for project level
2024-07-21 21:03:12,360 [INFO] CADModel:114 - Register for checkConnection events
2024-07-21 21:03:12,361 [FATAL] Updater:308 - Updater called before beeing initialized
2024-07-21 21:03:12,361 [ERROR] CADModel:125 - Updater not yet initialized, retry later 
2024-07-21 21:03:12,365 [FATAL] Updater:308 - Updater called before beeing initialized
2024-07-21 21:03:12,474 [FATAL] Updater:308 - Updater called before beeing initialized
2024-07-21 21:03:12,479 [INFO] DbMcusAds:53 - JSON generation date=Thu May 16 11:22:00 EET 2024 (1715851320667)
2024-07-21 21:03:12,479 [FATAL] Updater:308 - Updater called before beeing initialized
2024-07-21 21:03:12,529 [WARN] DetailPanel:346 - Failed to get advertising image, set to default
2024-07-21 21:03:12,619 [FATAL] Updater:308 - Updater called before beeing initialized
2024-07-21 21:03:12,622 [FATAL] Updater:308 - Updater called before beeing initialized
2024-07-21 21:03:12,622 [FATAL] Updater:308 - Updater called before beeing initialized
2024-07-21 21:03:12,622 [WARN] DetailPanel:346 - Failed to get advertising image, set to default
2024-07-21 21:03:12,623 [FATAL] Updater:308 - Updater called before beeing initialized
2024-07-21 21:03:12,678 [ERROR] Updater:1120 - MainUpdater not yet initialized. External WinMGr cannot be set.
2024-07-21 21:03:12,681 [INFO] Updater:1056 - Updater Version found : 6.9.0
2024-07-21 21:03:12,705 [INFO] ApplicationProperties:184 - Using Application install path: C:\ST\STM32CubeIDE_1.13.0\STM32CubeIDE\plugins\com.st.stm32cube.common.mx_6.9.0.202307051724
2024-07-21 21:03:12,927 [INFO] MainUpdater:2868 - connection check result : 10
2024-07-21 21:03:12,927 [INFO] MainUpdater:3562 - Updater definition file requires update
2024-07-21 21:03:12,929 [INFO] MainUpdater:285 - Updater Check For Update Now.
2024-07-21 21:03:12,929 [INFO] MicroXplorer:498 - Change Database Version : DB.6.0.90
2024-07-21 21:03:12,934 [INFO] McuFinderGlobals:63 - Set McuFinder mode to 2 (CubeIDE integrated)
2024-07-21 21:03:12,935 [INFO] UserAuth:179 - activating auth plugin
2024-07-21 21:03:12,936 [INFO] UserAuth:393 - Internet connection configuration mode: 1
2024-07-21 21:03:12,954 [INFO] JxBrowserEngine:151 - Initiate JxBrowser Engine with user profile folder
2024-07-21 21:03:13,167 [INFO] ServerAccessManage:473 - Download File updaters.zip
2024-07-21 21:03:13,421 [INFO] FileExtend:240 - Unzip File : updaters.zip
2024-07-21 21:03:13,422 [INFO] FileExtend:255 - Standard Zip Deflate
2024-07-21 21:03:14,354 [WARN] MainUpdater:1189 - Updater busy. Cannot search thirdparties
2024-07-21 21:03:14,354 [INFO] ThirdPartyUpdaterWithRetryManager:96 - Updater plugin is busy. [1/15]
2024-07-21 21:03:14,537 [INFO] ServerAccessManage:473 - Download File PacksControlFlags.xml
2024-07-21 21:03:14,756 [INFO] ServerAccessManage:473 - Download File cubemx.pidx
2024-07-21 21:03:15,415 [INFO] ServerAccessManage:473 - Download File STMicroelectronics.FP-SNS-STBOX1.pdsc
2024-07-21 21:03:16,758 [INFO] WebApp:157 - Instantiating new browser for Auth
2024-07-21 21:03:17,356 [WARN] MainUpdater:1189 - Updater busy. Cannot search thirdparties
2024-07-21 21:03:17,356 [INFO] ThirdPartyUpdaterWithRetryManager:96 - Updater plugin is busy. [2/15]
2024-07-21 21:03:17,447 [INFO] WebApp:753 - Register for checkConnection events
2024-07-21 21:03:17,447 [INFO] WebApp:390 - Apply proxy settings
2024-07-21 21:03:17,447 [INFO] WebApp:475 - Chromium requires no authentication
2024-07-21 21:03:17,454 [INFO] WebApp:418 - Direct internet connection detected
2024-07-21 21:03:17,589 [INFO] WebApp:188 - Starting web application
2024-07-21 21:03:17,589 [INFO] WebApp:520 - Web application path used C:\ST\STM32CubeIDE_1.13.0\STM32CubeIDE\plugins\com.st.stm32cube.common.mx_6.9.0.202307051724\db\plugins\mcufinder\reactClient1\index.html
2024-07-21 21:03:17,702 [INFO] ServerAccessManage:473 - Download File wolfSSL.I-CUBE-wolfSSH.pdsc
2024-07-21 21:03:19,121 [WARN] PopulateThirdPartyThread:106 - Error when creating pack: C:/Users/e0162112/.stm32cubemx/thirdparties/pdsc/STMicroelectronics.FP-SNS-STBOX1.pdsc
2024-07-21 21:03:19,148 [WARN] PackLoader:240 - Cannot read IP mode file for wolfSSL.I-CUBE-wolfSSH.1.4.17
2024-07-21 21:03:19,149 [INFO] PopulateThirdPartyThread:66 - Ending populate Thread
2024-07-21 21:03:19,150 [INFO] ThirdParty:1030 - CMSIS Pack Vendor :wolfSSL I-CUBE-wolfSSH 1.4.17
2024-07-21 21:03:19,150 [INFO] LoadServerUpdatesThread:373 - End of LoadServerUpdate Thread
2024-07-21 21:03:19,274 [INFO] CheckServerUpdateThread:120 - End of CheckServer Thread
2024-07-21 21:03:20,580 [WARN] PackLoader:240 - Cannot read IP mode file for STMicroelectronics.FP-SNS-MOTENVWB1.1.4.0
2024-07-21 21:03:20,591 [WARN] PackLoader:240 - Cannot read IP mode file for STMicroelectronics.X-CUBE-SMBUS.2.1.0
2024-07-21 21:03:20,597 [WARN] PackLoader:240 - Cannot read IP mode file for STMicroelectronics.X-CUBE-TOUCHGFX.4.23.2
2024-07-21 21:03:20,617 [WARN] PackLoader:240 - Cannot read IP mode file for STMicroelectronics.X-CUBE-AZRTOS-F7.1.1.0
2024-07-21 21:03:20,629 [WARN] PackLoader:240 - Cannot read IP mode file for STMicroelectronics.FP-SNS-MOTENV1.4.3.2
2024-07-21 21:03:20,640 [WARN] PackLoader:240 - Cannot read IP mode file for STMicroelectronics.X-CUBE-BLE1.6.2.4
2024-07-21 21:03:20,647 [WARN] PackLoader:240 - Cannot read IP mode file for STMicroelectronics.FP-SNS-FLIGHT1.5.0.2
2024-07-21 21:03:20,657 [WARN] PackLoader:240 - Cannot read IP mode file for STMicroelectronics.X-CUBE-DISPLAY.3.0.0
2024-07-21 21:03:20,665 [WARN] PackLoader:240 - Cannot read IP mode file for STMicroelectronics.X-CUBE-BLE1.7.0.0
2024-07-21 21:03:20,673 [WARN] PackLoader:240 - Cannot read IP mode file for emotas.I-CUBE-CANOPEN.1.3.0
2024-07-21 21:03:20,677 [WARN] PackLoader:240 - Cannot read IP mode file for STMicroelectronics.X-CUBE-TOUCHGFX.4.22.0
2024-07-21 21:03:20,681 [WARN] PackLoader:240 - Cannot read IP mode file for STMicroelectronics.X-CUBE-TOUCHGFX.4.22.1
2024-07-21 21:03:20,690 [WARN] PackLoader:240 - Cannot read IP mode file for STMicroelectronics.X-CUBE-BLEMGR.3.1.0
2024-07-21 21:03:20,697 [WARN] PackLoader:240 - Cannot read IP mode file for STMicroelectronics.FP-SNS-SMARTAG2.1.2.0
2024-07-21 21:03:20,707 [INFO] LogOutputStream:77 - [STDOUT_REDIRECT] 1 : Invalid condition id : UX_CORESTACK_Condition cause : null
2024-07-21 21:03:20,707 [INFO] LogOutputStream:77 - [STDOUT_REDIRECT] 1 : Invalid condition id : UX_CORESTACK_Condition cause : null
2024-07-21 21:03:20,708 [INFO] LogOutputStream:77 - [STDOUT_REDIRECT] 1 : Invalid condition id : UX_CORESTACK_Condition cause : null
2024-07-21 21:03:20,708 [INFO] LogOutputStream:77 - [STDOUT_REDIRECT] 1 : Invalid condition id : UX_CORESTACK_Condition cause : null
2024-07-21 21:03:20,709 [INFO] LogOutputStream:77 - [STDOUT_REDIRECT] 1 : Invalid condition id : UX_CORESTACK_Condition cause : null
2024-07-21 21:03:20,711 [WARN] PackLoader:240 - Cannot read IP mode file for STMicroelectronics.X-CUBE-AZRTOS-WL.2.0.0
2024-07-21 21:03:20,716 [WARN] PackLoader:240 - Cannot read IP mode file for STMicroelectronics.FP-SNS-MOTENV1.5.0.0
2024-07-21 21:03:20,724 [WARN] PackLoader:240 - Cannot read IP mode file for wolfSSL.I-CUBE-wolfMQTT.1.19.0
2024-07-21 21:03:20,732 [WARN] PackLoader:240 - Cannot read IP mode file for WES.I-CUBE-Cesium.1.3.0
2024-07-21 21:03:20,739 [WARN] PackLoader:240 - Cannot read IP mode file for STMicroelectronics.X-CUBE-BLE2.3.3.0
2024-07-21 21:03:20,747 [WARN] PackLoader:240 - Cannot read IP mode file for STMicroelectronics.X-CUBE-TCPP.4.1.0
2024-07-21 21:03:20,757 [WARN] PackLoader:240 - Cannot read IP mode file for STMicroelectronics.X-CUBE-ALGOBUILD.1.3.0
2024-07-21 21:03:20,773 [WARN] PackLoader:240 - Cannot read IP mode file for STMicroelectronics.X-CUBE-AZRTOS-G0.1.1.0
2024-07-21 21:03:20,783 [WARN] PackLoader:240 - Cannot read IP mode file for STMicroelectronics.X-CUBE-SAFEA1.1.2.2
2024-07-21 21:03:20,792 [WARN] PackLoader:240 - Cannot read IP mode file for STMicroelectronics.X-CUBE-NFC4.3.0.0
2024-07-21 21:03:20,796 [WARN] PackLoader:240 - Cannot read IP mode file for wolfSSL.I-CUBE-wolfMQTT.1.18.0
2024-07-21 21:03:20,800 [ERROR] Engine:466 - C:\Users\e0162112\.stm32cubemx\thirdparties\pdsc\EmbeddedOffice.I-CUBE-FS-RTOS.1.0.1.pdsc: PDSC version is not supported
2024-07-21 21:03:20,811 [WARN] PackLoader:240 - Cannot read IP mode file for STMicroelectronics.X-CUBE-BLEMGR.3.0.0
2024-07-21 21:03:20,816 [ERROR] Engine:466 - C:\Users\e0162112\.stm32cubemx\thirdparties\pdsc\RealThread.X-CUBE-RT-Thread_Nano.4.1.1.pdsc: PDSC version is not supported
2024-07-21 21:03:20,826 [WARN] PackLoader:240 - Cannot read IP mode file for wolfSSL.I-CUBE-wolfSSL.5.7.0
2024-07-21 21:03:20,835 [WARN] PackLoader:240 - Cannot read IP mode file for STMicroelectronics.FP-ATR-SIGFOX1.3.2.0
2024-07-21 21:03:20,850 [WARN] PackLoader:240 - Cannot read IP mode file for STMicroelectronics.X-CUBE-EEPRMA1.5.1.0
2024-07-21 21:03:20,861 [WARN] PackLoader:240 - Cannot read IP mode file for ITTIA_DB.I-CUBE-ITTIADB.8.9.0
2024-07-21 21:03:20,905 [WARN] PackLoader:240 - Cannot read IP mode file for SEGGER.I-CUBE-embOS.1.3.1
2024-07-21 21:03:20,940 [WARN] PackLoader:240 - Cannot read IP mode file for STMicroelectronics.X-CUBE-ALGOBUILD.1.4.0
2024-07-21 21:03:20,949 [WARN] PackLoader:240 - Cannot read IP mode file for STMicroelectronics.X-CUBE-GNSS1.6.0.0
2024-07-21 21:03:20,968 [WARN] PackLoader:240 - Cannot read IP mode file for STMicroelectronics.X-CUBE-AZRTOS-F4.1.1.0
2024-07-21 21:03:20,976 [WARN] PackLoader:240 - Cannot read IP mode file for wolfSSL.I-CUBE-wolfSSL.5.6.3
2024-07-21 21:03:20,984 [WARN] PackLoader:240 - Cannot read IP mode file for STMicroelectronics.X-CUBE-FREERTOS.1.2.0
2024-07-21 21:03:21,001 [WARN] PackLoader:240 - Cannot read IP mode file for STMicroelectronics.X-CUBE-AZRTOS-L5.2.0.0
2024-07-21 21:03:21,045 [WARN] PackLoader:240 - Cannot read IP mode file for STMicroelectronics.X-CUBE-MEMS1.9.6.0
2024-07-21 21:03:21,172 [WARN] PackLoader:240 - Cannot read IP mode file for STMicroelectronics.X-CUBE-EEPRMA1.4.2.0
2024-07-21 21:03:21,182 [WARN] PackLoader:240 - Cannot read IP mode file for STMicroelectronics.X-CUBE-NFC6.3.1.0
2024-07-21 21:03:21,190 [WARN] PackLoader:240 - Cannot read IP mode file for ITTIA_DB.I-CUBE-ITTIADB.8.8.0
2024-07-21 21:03:21,198 [WARN] PackLoader:240 - Cannot read IP mode file for STMicroelectronics.X-CUBE-BLEMGR.2.0.0
2024-07-21 21:03:21,204 [ERROR] Engine:466 - C:\Users\e0162112\.stm32cubemx\thirdparties\pdsc\STMicroelectronics.X-CUBE-DPower.1.2.0.pdsc: PDSC version is not supported
2024-07-21 21:03:21,216 [WARN] PackLoader:240 - Cannot read IP mode file for STMicroelectronics.X-CUBE-AI.9.0.0
2024-07-21 21:03:21,322 [WARN] ConditionMgr:438 - getConditionDescription Invalid condition id : UX DEVICE CLASS RTOS Condition cause : null
2024-07-21 21:03:21,322 [WARN] ConditionMgr:438 - getConditionDescription Invalid condition id : UX DEVICE CLASS RTOS Condition cause : null
2024-07-21 21:03:21,326 [WARN] PackLoader:240 - Cannot read IP mode file for STMicroelectronics.X-CUBE-AZRTOS-H7.3.1.0
2024-07-21 21:03:21,328 [WARN] ConditionMgr:1039 - genDependencies : Invalid condition id : UX DEVICE CLASS RTOS Condition cause : null
2024-07-21 21:03:21,328 [WARN] ConditionMgr:1039 - genDependencies : Invalid condition id : UX DEVICE CLASS RTOS Condition cause : null
2024-07-21 21:03:21,329 [WARN] ConditionMgr:1039 - genDependencies : Invalid condition id : UX DEVICE CLASS RTOS Condition cause : null
2024-07-21 21:03:21,330 [WARN] ConditionMgr:1039 - genDependencies : Invalid condition id : UX DEVICE CLASS RTOS Condition cause : null
2024-07-21 21:03:21,330 [WARN] ConditionMgr:1039 - genDependencies : Invalid condition id : UX DEVICE CLASS RTOS Condition cause : null
2024-07-21 21:03:21,342 [WARN] PackLoader:240 - Cannot read IP mode file for STMicroelectronics.X-CUBE-NFC7.1.0.1
2024-07-21 21:03:21,352 [WARN] PackLoader:240 - Cannot read IP mode file for wolfSSL.I-CUBE-wolfTPM.3.2.0
2024-07-21 21:03:21,360 [WARN] PackLoader:240 - Cannot read IP mode file for STMicroelectronics.X-CUBE-NFC6.3.0.0
2024-07-21 21:03:21,369 [WARN] PackLoader:240 - Cannot read IP mode file for STMicroelectronics.X-CUBE-EEPRMA1.4.1.0
2024-07-21 21:03:21,376 [WARN] PackLoader:240 - Cannot read IP mode file for STMicroelectronics.X-CUBE-AI.8.1.0
2024-07-21 21:03:21,398 [WARN] ConditionMgr:438 - getConditionDescription Invalid condition id : LAN8742 Phy interface Condition cause : null
2024-07-21 21:03:21,399 [WARN] PackLoader:240 - Cannot read IP mode file for STMicroelectronics.X-CUBE-AZRTOS-L4.2.0.0
2024-07-21 21:03:21,400 [WARN] ConditionMgr:1039 - genDependencies : Invalid condition id : LAN8742 Phy interface Condition cause : null
2024-07-21 21:03:21,400 [WARN] ConditionMgr:1039 - genDependencies : Invalid condition id : LAN8742 Phy interface Condition cause : null
2024-07-21 21:03:21,401 [WARN] ConditionMgr:1039 - genDependencies : Invalid condition id : LAN8742 Phy interface Condition cause : null
2024-07-21 21:03:21,413 [WARN] PackLoader:240 - Cannot read IP mode file for STMicroelectronics.X-CUBE-SFXS2LP1.4.0.0
2024-07-21 21:03:21,423 [WARN] PackLoader:240 - Cannot read IP mode file for STMicroelectronics.X-CUBE-ISPU.1.1.0
2024-07-21 21:03:21,446 [WARN] ConditionMgr:438 - getConditionDescription Invalid condition id : UX DEVICE CLASS RTOS Condition cause : null
2024-07-21 21:03:21,446 [WARN] ConditionMgr:438 - getConditionDescription Invalid condition id : UX DEVICE CLASS RTOS Condition cause : null
2024-07-21 21:03:21,448 [WARN] PackLoader:240 - Cannot read IP mode file for STMicroelectronics.X-CUBE-AZRTOS-WB.2.0.0
2024-07-21 21:03:21,448 [WARN] ConditionMgr:1039 - genDependencies : Invalid condition id : UX DEVICE CLASS RTOS Condition cause : null
2024-07-21 21:03:21,448 [WARN] ConditionMgr:1039 - genDependencies : Invalid condition id : UX DEVICE CLASS RTOS Condition cause : null
2024-07-21 21:03:21,449 [WARN] ConditionMgr:1039 - genDependencies : Invalid condition id : UX DEVICE CLASS RTOS Condition cause : null
2024-07-21 21:03:21,449 [WARN] ConditionMgr:1039 - genDependencies : Invalid condition id : UX DEVICE CLASS RTOS Condition cause : null
2024-07-21 21:03:21,449 [WARN] ConditionMgr:1039 - genDependencies : Invalid condition id : UX DEVICE CLASS RTOS Condition cause : null
2024-07-21 21:03:21,455 [WARN] PackLoader:240 - Cannot read IP mode file for STMicroelectronics.X-CUBE-FREERTOS.1.0.1
2024-07-21 21:03:21,459 [ERROR] Engine:466 - C:\Users\e0162112\.stm32cubemx\thirdparties\pdsc\STMicroelectronics.FP-SNS-STBOX1.2.0.0.pdsc: PDSC version is not supported
2024-07-21 21:03:21,483 [WARN] PackLoader:240 - Cannot read IP mode file for STMicroelectronics.X-CUBE-AZRTOS-L5.1.1.0
2024-07-21 21:03:21,492 [WARN] PackLoader:240 - Cannot read IP mode file for STMicroelectronics.X-CUBE-AI.8.0.1
2024-07-21 21:03:21,507 [WARN] PackLoader:240 - Cannot read IP mode file for STMicroelectronics.X-CUBE-SUBG2.5.0.0
2024-07-21 21:03:21,534 [WARN] PackLoader:240 - Cannot read IP mode file for Cesanta.I-CUBE-Mongoose.7.13.0
2024-07-21 21:03:21,550 [WARN] PackLoader:240 - Cannot read IP mode file for STMicroelectronics.X-CUBE-TOF1.3.3.1
2024-07-21 21:03:21,578 [WARN] PackLoader:240 - Cannot read IP mode file for STMicroelectronics.X-CUBE-AZRTOS-G4.2.0.0
2024-07-21 21:03:21,596 [WARN] PackLoader:240 - Cannot read IP mode file for Infineon.AIROC-Wi-Fi-Bluetooth-STM32.1.5.1
2024-07-21 21:03:21,606 [WARN] PackLoader:240 - Cannot read IP mode file for STMicroelectronics.FP-SNS-MOTENVWB1.1.3.0
2024-07-21 21:03:21,613 [WARN] PackLoader:240 - Cannot read IP mode file for STMicroelectronics.X-CUBE-ISPU.2.0.0
2024-07-21 21:03:21,623 [WARN] PackLoader:240 - Cannot read IP mode file for STMicroelectronics.X-CUBE-ALS.1.0.2
2024-07-21 21:03:21,666 [WARN] PackLoader:240 - Cannot read IP mode file for STMicroelectronics.X-CUBE-MEMS1.10.0.0
2024-07-21 21:03:21,769 [WARN] PackLoader:240 - Cannot read IP mode file for STMicroelectronics.X-CUBE-FREERTOS.1.1.0
2024-07-21 21:03:21,774 [WARN] PackLoader:240 - Cannot read IP mode file for STMicroelectronics.X-CUBE-TOUCHGFX.4.24.0
2024-07-21 21:03:21,785 [WARN] PackLoader:240 - Cannot read IP mode file for portGmbH.I-Cube-SoM-uGOAL.1.1.0
2024-07-21 21:03:21,791 [WARN] PackLoader:240 - Cannot read IP mode file for STMicroelectronics.X-CUBE-ALS.1.0.1
2024-07-21 21:03:21,806 [WARN] PackLoader:240 - Cannot read IP mode file for STMicroelectronics.X-CUBE-AZRTOS-WB.1.1.0
2024-07-21 21:03:21,838 [WARN] PackLoader:240 - Cannot read IP mode file for STMicroelectronics.X-CUBE-AZRTOS-H7RS.1.0.0
2024-07-21 21:03:21,851 [WARN] PackLoader:240 - Cannot read IP mode file for STMicroelectronics.FP-ATR-ASTRA1.2.0.0
2024-07-21 21:03:21,872 [WARN] PackLoader:240 - Cannot read IP mode file for STMicroelectronics.X-CUBE-TOF1.3.4.0
2024-07-21 21:03:21,903 [WARN] PackLoader:240 - Cannot read IP mode file for STMicroelectronics.X-CUBE-TOF1.3.4.1
2024-07-21 21:03:21,948 [WARN] PackLoader:240 - Cannot read IP mode file for STMicroelectronics.X-CUBE-AZRTOS-H7.3.2.0
2024-07-21 21:03:21,973 [WARN] PackLoader:240 - Cannot read IP mode file for Infineon.AIROC-Wi-Fi-Bluetooth-STM32.1.6.0
2024-07-21 21:03:21,997 [WARN] PackLoader:240 - Cannot read IP mode file for wolfSSL.I-CUBE-wolfSSH.1.4.17
2024-07-21 21:03:21,998 [INFO] ThirdParty:978 - Integrity check success = true
2024-07-21 21:03:21,998 [INFO] IntegrityCheckThread:100 - exiting critical section [integrity check]
2024-07-21 21:03:21,998 [INFO] IntegrityCheckThread:103 - End integrity checks thread
2024-07-21 21:03:38,150 [ERROR] LogOutputStream:75 - [STDERR_REDIRECT] SLF4J: Failed to load class "org.slf4j.impl.StaticLoggerBinder".
2024-07-21 21:03:38,150 [ERROR] LogOutputStream:75 - [STDERR_REDIRECT] SLF4J: Defaulting to no-operation (NOP) logger implementation
2024-07-21 21:03:38,151 [ERROR] LogOutputStream:75 - [STDERR_REDIRECT] SLF4J: See http://www.slf4j.org/codes.html#StaticLoggerBinder for further details.
